[2021-10-21T16:20:56.882986+00:00] eseye.INFO: [http 200, ok] get -> https://esi.evetech.net/latest/corporation/98011082/mining/extractions/?datasource=tranquility [t/e: 0.25s/100]
[2021-10-21T16:20:58.144601+00:00] eseye.INFO: [http 304, not modified] get -> https://esi.evetech.net/latest/corporation/230445889/mining/extractions/?datasource=tranquility [t/e: 0.16s/100]
[2021-10-21T16:20:59.952141+00:00] eseye.INFO: [http 304, not modified] get -> https://esi.evetech.net/latest/corporation/98127387/mining/extractions/?datasource=tranquility [t/e: 0.24s/100]
[2021-10-21T16:21:11.770119+00:00] eseye.INFO: [http 200, ok] get -> https://esi.evetech.net/latest/corporation/98011082/mining/observers/?datasource=tranquility [t/e: 0.20s/99]
[2021-10-21T16:21:12.114873+00:00] eseye.INFO: [http 200, ok] get -> https://esi.evetech.net/latest/corporation/98011082/mining/observers/1036986129645/?datasource=tranquility [t/e: 0.20s/99]
[2021-10-21T16:21:12.259770+00:00] eseye.INFO: [http 200, ok] get -> https://esi.evetech.net/latest/characters/94645604/?datasource=tranquility [t/e: 0.12s/99]
[2021-10-21T16:21:12.366034+00:00] eseye.INFO: [http 200, ok] get -> https://esi.evetech.net/latest/corporations/98011082/?datasource=tranquility [t/e: 0.10s/99]
[2021-10-21T16:21:12.623141+00:00] eseye.INFO: [http 304, not modified] get -> https://esi.evetech.net/latest/alliances/1354830081/?datasource=tranquility [t/e: 0.24s/99]
[2021-10-21T16:21:13.084596+00:00] eseye.INFO: [http 200, ok] get -> https://esi.evetech.net/latest/characters/94645661/?datasource=tranquility [t/e: 0.45s/99]
[2021-10-21T16:21:13.218225+00:00] eseye.INFO: [http 200, ok] get -> https://esi.evetech.net/latest/characters/2112955900/?datasource=tranquility [t/e: 0.12s/99]
[2021-10-21T16:21:13.304476+00:00] eseye.INFO: [http 200, ok] get -> https://esi.evetech.net/latest/characters/2112955902/?datasource=tranquility [t/e: 0.08s/99]
[2021-10-21T16:21:13.403821+00:00] eseye.INFO: [http 200, ok] get -> https://esi.evetech.net/latest/characters/1164549236/?datasource=tranquility [t/e: 0.07s/99]
[2021-10-21T16:21:13.565886+00:00] eseye.INFO: [http 200, ok] get -> https://esi.evetech.net/latest/characters/1798571076/?datasource=tranquility [t/e: 0.13s/99]
[2021-10-21T16:21:13.756038+00:00] eseye.INFO: [http 200, ok] get -> https://esi.evetech.net/latest/characters/96647498/?datasource=tranquility [t/e: 0.18s/99]
[2021-10-21T16:21:14.177104+00:00] eseye.INFO: [http 200, ok] get -> https://esi.evetech.net/latest/characters/96648588/?datasource=tranquility [t/e: 0.41s/99]
[2021-10-21T16:21:15.128544+00:00] eseye.INFO: [http 200, ok] get -> https://esi.evetech.net/latest/characters/96651077/?datasource=tranquility [t/e: 0.93s/99]
[2021-10-21T16:21:15.335183+00:00] eseye.INFO: [http 200, ok] get -> https://esi.evetech.net/latest/characters/2117768027/?datasource=tranquility [t/e: 0.19s/99]
[2021-10-21T16:21:15.710857+00:00] eseye.INFO: [http 200, ok] get -> https://esi.evetech.net/latest/corporation/98011082/mining/observers/1036986136973/?datasource=tranquility [t/e: 0.17s/99]
[2021-10-21T16:21:16.084606+00:00] eseye.INFO: [http 200, ok] get -> https://esi.evetech.net/latest/corporation/98011082/mining/observers/1037074419843/?datasource=tranquility [t/e: 0.18s/99]
[2021-10-21T16:21:16.478443+00:00] eseye.INFO: [http 200, ok] get -> https://esi.evetech.net/latest/corporation/98011082/mining/observers/1037218950932/?datasource=tranquility [t/e: 0.16s/99]
[2021-10-21T16:21:17.290441+00:00] eseye.INFO: [http 200, ok] get -> https://esi.evetech.net/latest/characters/1158623407/?datasource=tranquility [t/e: 0.80s/99]
[2021-10-21T16:21:17.703741+00:00] eseye.INFO: [http 200, ok] get -> https://esi.evetech.net/latest/characters/1904208033/?datasource=tranquility [t/e: 0.39s/99]
[2021-10-21T16:21:18.039962+00:00] eseye.INFO: [http 200, ok] get -> https://esi.evetech.net/latest/corporation/98127387/mining/observers/?datasource=tranquility [t/e: 0.08s/99]
[2021-10-21T16:21:18.382043+00:00] eseye.INFO: [http 304, not modified] get -> https://esi.evetech.net/latest/corporation/98127387/mining/observers/1036985994010/?datasource=tranquility [t/e: 0.19s/99]
[2021-10-21T16:21:18.701136+00:00] eseye.INFO: [http 304, not modified] get -> https://esi.evetech.net/latest/corporation/98127387/mining/observers/1036999925547/?datasource=tranquility [t/e: 0.08s/99]
[2021-10-21T16:21:18.980717+00:00] eseye.INFO: [http 200, ok] get -> https://esi.evetech.net/latest/corporation/98127387/mining/observers/1037008588112/?datasource=tranquility [t/e: 0.08s/99]
[2021-10-21T16:21:20.162607+00:00] eseye.INFO: [http 304, not modified] get -> https://esi.evetech.net/latest/characters/91384728/?datasource=tranquility [t/e: 1.15s/99]
[2021-10-21T16:21:20.493674+00:00] eseye.INFO: [http 200, ok] get -> https://esi.evetech.net/latest/corporations/98127387/?datasource=tranquility [t/e: 0.33s/99]
[2021-10-21T16:21:20.847955+00:00] eseye.INFO: [http 304, not modified] get -> https://esi.evetech.net/latest/characters/2114724633/?datasource=tranquility [t/e: 0.34s/99]
[2021-10-21T16:21:21.413934+00:00] eseye.INFO: [http 304, not modified] get -> https://esi.evetech.net/latest/characters/2114888404/?datasource=tranquility [t/e: 0.56s/99]
[2021-10-21T16:21:22.021804+00:00] eseye.INFO: [http 200, ok] get -> https://esi.evetech.net/latest/characters/1509406738/?datasource=tranquility [t/e: 0.60s/99]
[2021-10-21T16:21:22.687790+00:00] eseye.INFO: [http 304, not modified] get -> https://esi.evetech.net/latest/characters/2114822478/?datasource=tranquility [t/e: 0.66s/99]
[2021-10-21T16:21:22.789857+00:00] eseye.INFO: [http 304, not modified] get -> https://esi.evetech.net/latest/characters/2114837075/?datasource=tranquility [t/e: 0.09s/99]
[2021-10-21T16:21:22.938610+00:00] eseye.INFO: [http 304, not modified] get -> https://esi.evetech.net/latest/characters/2115276265/?datasource=tranquility [t/e: 0.13s/99]
[2021-10-21T16:21:23.660318+00:00] eseye.INFO: [http 304, not modified] get -> https://esi.evetech.net/latest/characters/924331372/?datasource=tranquility [t/e: 0.70s/99]
[2021-10-21T16:21:23.839603+00:00] eseye.INFO: [http 304, not modified] get -> https://esi.evetech.net/latest/characters/90759432/?datasource=tranquility [t/e: 0.17s/99]
[2021-10-21T16:21:23.921874+00:00] eseye.INFO: [http 304, not modified] get -> https://esi.evetech.net/latest/corporations/667531913/?datasource=tranquility [t/e: 0.08s/99]
[2021-10-21T16:21:24.775064+00:00] eseye.INFO: [http 200, ok] get -> https://esi.evetech.net/latest/characters/1979814718/?datasource=tranquility [t/e: 0.84s/99]
[2021-10-21T16:21:25.123122+00:00] eseye.INFO: [http 304, not modified] get -> https://esi.evetech.net/latest/corporation/98127387/mining/observers/1037221232837/?datasource=tranquility [t/e: 0.15s/99]
[2021-10-21T16:21:25.361659+00:00] eseye.INFO: [http 304, not modified] get -> https://esi.evetech.net/latest/corporation/230445889/mining/observers/?datasource=tranquility [t/e: 0.08s/99]
[2021-10-21T16:21:25.646652+00:00] eseye.INFO: [http 304, not modified] get -> https://esi.evetech.net/latest/corporation/230445889/mining/observers/1037315100486/?datasource=tranquility [t/e: 0.17s/99]
[2021-10-21T16:21:26.026450+00:00] eseye.INFO: [http 200, ok] get -> https://esi.evetech.net/latest/corporation/230445889/mining/observers/1037315122585/?datasource=tranquility [t/e: 0.23s/99]
[2021-10-21T16:21:26.962965+00:00] eseye.INFO: [http 304, not modified] get -> https://esi.evetech.net/latest/characters/1916435028/?datasource=tranquility [t/e: 0.89s/99]
[2021-10-21T16:21:27.042815+00:00] eseye.INFO: [http 304, not modified] get -> https://esi.evetech.net/latest/corporations/230445889/?datasource=tranquility [t/e: 0.07s/99]
[2021-10-21T16:21:28.136445+00:00] eseye.INFO: [http 200, ok] get -> https://esi.evetech.net/latest/characters/95644011/?datasource=tranquility [t/e: 1.08s/99]
[2021-10-21T16:21:29.252885+00:00] eseye.INFO: [http 200, ok] get -> https://esi.evetech.net/latest/characters/670562231/?datasource=tranquility [t/e: 1.11s/99]
[2021-10-21T16:21:29.477608+00:00] eseye.INFO: [http 200, ok] get -> https://esi.evetech.net/latest/characters/95180397/?datasource=tranquility [t/e: 0.21s/99]
