[2021-11-22T22:24:39.918078+00:00] eseye.INFO: [http 200, ok] get -> https://esi.evetech.net/latest/corporation/98011082/mining/extractions/?datasource=tranquility [t/e: 0.30s/99]
[2021-11-22T22:24:42.221991+00:00] eseye.INFO: [http 200, ok] get -> https://esi.evetech.net/latest/corporation/230445889/mining/extractions/?datasource=tranquility [t/e: 0.17s/99]
[2021-11-22T22:24:44.079370+00:00] eseye.INFO: [http 200, ok] get -> https://esi.evetech.net/latest/corporation/98127387/mining/extractions/?datasource=tranquility [t/e: 0.21s/99]
[2021-11-22T22:24:56.056108+00:00] eseye.INFO: [http 304, not modified] get -> https://esi.evetech.net/latest/corporation/98011082/mining/observers/?datasource=tranquility [t/e: 0.26s/99]
[2021-11-22T22:24:56.402747+00:00] eseye.INFO: [http 304, not modified] get -> https://esi.evetech.net/latest/corporation/98011082/mining/observers/1036986129645/?datasource=tranquility [t/e: 0.16s/99]
[2021-11-22T22:24:56.861102+00:00] eseye.INFO: [http 304, not modified] get -> https://esi.evetech.net/latest/corporation/98011082/mining/observers/1036986136973/?datasource=tranquility [t/e: 0.15s/99]
[2021-11-22T22:24:57.185374+00:00] eseye.INFO: [http 304, not modified] get -> https://esi.evetech.net/latest/corporation/98011082/mining/observers/1037074419843/?datasource=tranquility [t/e: 0.15s/99]
[2021-11-22T22:24:57.542106+00:00] eseye.INFO: [http 304, not modified] get -> https://esi.evetech.net/latest/corporation/98011082/mining/observers/1037218950932/?datasource=tranquility [t/e: 0.17s/99]
[2021-11-22T22:24:57.894368+00:00] eseye.INFO: [http 200, ok] get -> https://esi.evetech.net/latest/corporation/98127387/mining/observers/?datasource=tranquility [t/e: 0.15s/99]
[2021-11-22T22:24:58.207021+00:00] eseye.INFO: [http 304, not modified] get -> https://esi.evetech.net/latest/corporation/98127387/mining/observers/1036985994010/?datasource=tranquility [t/e: 0.19s/99]
[2021-11-22T22:24:59.193976+00:00] eseye.INFO: [http 304, not modified] get -> https://esi.evetech.net/latest/corporation/98127387/mining/observers/1036999925547/?datasource=tranquility [t/e: 0.17s/99]
[2021-11-22T22:24:59.868529+00:00] eseye.INFO: [http 304, not modified] get -> https://esi.evetech.net/latest/corporation/98127387/mining/observers/1037008588112/?datasource=tranquility [t/e: 0.17s/99]
[2021-11-22T22:25:00.415570+00:00] eseye.INFO: [http 304, not modified] get -> https://esi.evetech.net/latest/corporation/98127387/mining/observers/1037221196751/?datasource=tranquility [t/e: 0.25s/100]
[2021-11-22T22:25:01.093240+00:00] eseye.INFO: [http 200, ok] get -> https://esi.evetech.net/latest/corporation/98127387/mining/observers/1037221209175/?datasource=tranquility [t/e: 0.19s/100]
[2021-11-22T22:25:01.247112+00:00] eseye.INFO: [http 200, ok] get -> https://esi.evetech.net/latest/characters/2112947214/?datasource=tranquility [t/e: 0.08s/100]
[2021-11-22T22:25:01.347199+00:00] eseye.INFO: [http 200, ok] get -> https://esi.evetech.net/latest/corporations/98127387/?datasource=tranquility [t/e: 0.09s/100]
[2021-11-22T22:25:01.636235+00:00] eseye.INFO: [http 304, not modified] get -> https://esi.evetech.net/latest/alliances/1354830081/?datasource=tranquility [t/e: 0.27s/100]
[2021-11-22T22:25:02.158378+00:00] eseye.INFO: [http 200, ok] get -> https://esi.evetech.net/latest/characters/2114364939/?datasource=tranquility [t/e: 0.46s/100]
[2021-11-22T22:25:02.586072+00:00] eseye.INFO: [http 304, not modified] get -> https://esi.evetech.net/latest/characters/2119022596/?datasource=tranquility [t/e: 0.40s/100]
[2021-11-22T22:25:02.751932+00:00] eseye.INFO: [http 200, ok] get -> https://esi.evetech.net/latest/characters/2112357642/?datasource=tranquility [t/e: 0.08s/100]
[2021-11-22T22:25:02.871118+00:00] eseye.INFO: [http 200, ok] get -> https://esi.evetech.net/latest/characters/2114499459/?datasource=tranquility [t/e: 0.09s/100]
[2021-11-22T22:25:03.378077+00:00] eseye.INFO: [http 200, ok] get -> https://esi.evetech.net/latest/characters/2114686465/?datasource=tranquility [t/e: 0.47s/100]
[2021-11-22T22:25:03.821699+00:00] eseye.INFO: [http 200, ok] get -> https://esi.evetech.net/latest/characters/2114768136/?datasource=tranquility [t/e: 0.42s/100]
[2021-11-22T22:25:04.286936+00:00] eseye.INFO: [http 200, ok] get -> https://esi.evetech.net/latest/characters/2112707576/?datasource=tranquility [t/e: 0.41s/100]
[2021-11-22T22:25:04.393085+00:00] eseye.INFO: [http 200, ok] get -> https://esi.evetech.net/latest/characters/1509406738/?datasource=tranquility [t/e: 0.07s/100]
[2021-11-22T22:25:04.501103+00:00] eseye.INFO: [http 304, not modified] get -> https://esi.evetech.net/latest/characters/2114724633/?datasource=tranquility [t/e: 0.08s/100]
[2021-11-22T22:25:04.647111+00:00] eseye.INFO: [http 304, not modified] get -> https://esi.evetech.net/latest/characters/2114822478/?datasource=tranquility [t/e: 0.10s/100]
[2021-11-22T22:25:05.131417+00:00] eseye.INFO: [http 304, not modified] get -> https://esi.evetech.net/latest/characters/2114837075/?datasource=tranquility [t/e: 0.42s/100]
[2021-11-22T22:25:05.694942+00:00] eseye.INFO: [http 304, not modified] get -> https://esi.evetech.net/latest/characters/2114888404/?datasource=tranquility [t/e: 0.52s/100]
[2021-11-22T22:25:06.090294+00:00] eseye.INFO: [http 304, not modified] get -> https://esi.evetech.net/latest/characters/2115276265/?datasource=tranquility [t/e: 0.36s/100]
[2021-11-22T22:25:07.164775+00:00] eseye.INFO: [http 200, ok] get -> https://esi.evetech.net/latest/characters/90759432/?datasource=tranquility [t/e: 0.13s/100]
[2021-11-22T22:25:07.294611+00:00] eseye.INFO: [http 200, ok] get -> https://esi.evetech.net/latest/corporations/667531913/?datasource=tranquility [t/e: 0.10s/100]
[2021-11-22T22:25:07.439259+00:00] eseye.INFO: [http 304, not modified] get -> https://esi.evetech.net/latest/characters/924331372/?datasource=tranquility [t/e: 0.10s/100]
[2021-11-22T22:25:07.572150+00:00] eseye.INFO: [http 200, ok] get -> https://esi.evetech.net/latest/characters/1979814718/?datasource=tranquility [t/e: 0.09s/100]
[2021-11-22T22:25:08.049273+00:00] eseye.INFO: [http 200, ok] get -> https://esi.evetech.net/latest/characters/90202359/?datasource=tranquility [t/e: 0.43s/100]
[2021-11-22T22:25:08.509464+00:00] eseye.INFO: [http 200, ok] get -> https://esi.evetech.net/latest/characters/1173877118/?datasource=tranquility [t/e: 0.40s/100]
[2021-11-22T22:25:08.910195+00:00] eseye.INFO: [http 200, ok] get -> https://esi.evetech.net/latest/characters/1482626600/?datasource=tranquility [t/e: 0.39s/100]
[2021-11-22T22:25:09.797069+00:00] eseye.INFO: [http 304, not modified] get -> https://esi.evetech.net/latest/characters/91266878/?datasource=tranquility [t/e: 0.46s/100]
[2021-11-22T22:25:10.268217+00:00] eseye.INFO: [http 304, not modified] get -> https://esi.evetech.net/latest/characters/91598933/?datasource=tranquility [t/e: 0.45s/100]
[2021-11-22T22:25:10.657522+00:00] eseye.INFO: [http 304, not modified] get -> https://esi.evetech.net/latest/characters/91598942/?datasource=tranquility [t/e: 0.38s/100]
[2021-11-22T22:25:10.746765+00:00] eseye.INFO: [http 304, not modified] get -> https://esi.evetech.net/latest/characters/956642480/?datasource=tranquility [t/e: 0.08s/100]
[2021-11-22T22:25:10.838338+00:00] eseye.INFO: [http 200, ok] get -> https://esi.evetech.net/latest/characters/2113566531/?datasource=tranquility [t/e: 0.08s/100]
[2021-11-22T22:25:11.310498+00:00] eseye.INFO: [http 200, ok] get -> https://esi.evetech.net/latest/characters/2113566581/?datasource=tranquility [t/e: 0.45s/100]
[2021-11-22T22:25:11.687657+00:00] eseye.INFO: [http 200, ok] get -> https://esi.evetech.net/latest/characters/2113566635/?datasource=tranquility [t/e: 0.34s/100]
[2021-11-22T22:25:12.064235+00:00] eseye.INFO: [http 200, ok] get -> https://esi.evetech.net/latest/characters/2113584037/?datasource=tranquility [t/e: 0.37s/100]
[2021-11-22T22:25:12.551181+00:00] eseye.INFO: [http 200, ok] get -> https://esi.evetech.net/latest/characters/95823778/?datasource=tranquility [t/e: 0.43s/100]
[2021-11-22T22:25:13.694002+00:00] eseye.INFO: [http 304, not modified] get -> https://esi.evetech.net/latest/corporation/98127387/mining/observers/1037221232837/?datasource=tranquility [t/e: 0.32s/100]
[2021-11-22T22:25:14.254947+00:00] eseye.INFO: [http 200, ok] get -> https://esi.evetech.net/latest/corporation/98127387/mining/observers/1037329553317/?datasource=tranquility [t/e: 0.15s/100]
[2021-11-22T22:25:14.692337+00:00] eseye.INFO: [http 200, ok] get -> https://esi.evetech.net/latest/characters/2115234439/?datasource=tranquility [t/e: 0.37s/100]
[2021-11-22T22:25:16.169502+00:00] eseye.INFO: [http 200, ok] get -> https://esi.evetech.net/latest/corporation/98127387/mining/observers/1037329566121/?datasource=tranquility [t/e: 0.18s/100]
[2021-11-22T22:25:16.790616+00:00] eseye.INFO: [http 200, ok] get -> https://esi.evetech.net/latest/characters/2112770160/?datasource=tranquility [t/e: 0.38s/100]
[2021-11-22T22:25:17.608539+00:00] eseye.INFO: [http 200, ok] get -> https://esi.evetech.net/latest/corporation/98127387/mining/observers/1037329577637/?datasource=tranquility [t/e: 0.15s/100]
[2021-11-22T22:25:19.045753+00:00] eseye.INFO: [http 200, ok] get -> https://esi.evetech.net/latest/corporation/98127387/mining/observers/1037329600050/?datasource=tranquility [t/e: 0.15s/100]
[2021-11-22T22:25:19.613767+00:00] eseye.INFO: [http 200, ok] get -> https://esi.evetech.net/latest/corporation/230445889/mining/observers/?datasource=tranquility [t/e: 0.08s/100]
[2021-11-22T22:25:19.909519+00:00] eseye.INFO: [http 200, ok] get -> https://esi.evetech.net/latest/corporation/230445889/mining/observers/1037315100486/?datasource=tranquility [t/e: 0.18s/100]
[2021-11-22T22:25:20.394701+00:00] eseye.INFO: [http 200, ok] get -> https://esi.evetech.net/latest/characters/95644011/?datasource=tranquility [t/e: 0.42s/100]
[2021-11-22T22:25:20.473470+00:00] eseye.INFO: [http 200, ok] get -> https://esi.evetech.net/latest/corporations/230445889/?datasource=tranquility [t/e: 0.07s/100]
[2021-11-22T22:25:20.889114+00:00] eseye.INFO: [http 304, not modified] get -> https://esi.evetech.net/latest/characters/1916435028/?datasource=tranquility [t/e: 0.38s/100]
[2021-11-22T22:25:20.978141+00:00] eseye.INFO: [http 304, not modified] get -> https://esi.evetech.net/latest/characters/90661648/?datasource=tranquility [t/e: 0.08s/100]
[2021-11-22T22:25:21.162489+00:00] eseye.INFO: [http 200, ok] get -> https://esi.evetech.net/latest/characters/2088980719/?datasource=tranquility [t/e: 0.08s/100]
[2021-11-22T22:25:21.248523+00:00] eseye.INFO: [http 200, ok] get -> https://esi.evetech.net/latest/corporations/98512647/?datasource=tranquility [t/e: 0.07s/100]
[2021-11-22T22:25:21.575910+00:00] eseye.INFO: [http 304, not modified] get -> https://esi.evetech.net/latest/characters/94254136/?datasource=tranquility [t/e: 0.10s/100]
[2021-11-22T22:25:21.883372+00:00] eseye.INFO: [http 200, ok] get -> https://esi.evetech.net/latest/characters/95180397/?datasource=tranquility [t/e: 0.08s/100]
[2021-11-22T22:25:21.963329+00:00] eseye.INFO: [http 304, not modified] get -> https://esi.evetech.net/latest/characters/670562231/?datasource=tranquility [t/e: 0.07s/100]
[2021-11-22T22:25:22.408470+00:00] eseye.INFO: [http 200, ok] get -> https://esi.evetech.net/latest/characters/844465151/?datasource=tranquility [t/e: 0.43s/100]
[2021-11-22T22:25:22.705874+00:00] eseye.INFO: [http 200, ok] get -> https://esi.evetech.net/latest/corporation/230445889/mining/observers/1037315122585/?datasource=tranquility [t/e: 0.18s/100]
[2021-11-22T22:25:23.061064+00:00] eseye.INFO: [http 304, not modified] get -> https://esi.evetech.net/latest/corporation/230445889/mining/observers/1037315326306/?datasource=tranquility [t/e: 0.16s/100]
[2021-11-22T22:25:23.398659+00:00] eseye.INFO: [http 200, ok] get -> https://esi.evetech.net/latest/corporation/230445889/mining/observers/1037315342504/?datasource=tranquility [t/e: 0.17s/100]
[2021-11-22T22:25:23.490450+00:00] eseye.INFO: [http 304, not modified] get -> https://esi.evetech.net/latest/characters/2113217906/?datasource=tranquility [t/e: 0.07s/100]
[2021-11-22T22:25:23.796656+00:00] eseye.INFO: [http 304, not modified] get -> https://esi.evetech.net/latest/characters/1336686601/?datasource=tranquility [t/e: 0.08s/100]
