[2021-12-12T13:24:55.495344+00:00] eseye.INFO: [http 200, ok] get -> https://esi.evetech.net/latest/corporation/98011082/mining/extractions/?datasource=tranquility [t/e: 0.37s/84]
[2021-12-12T13:24:56.937104+00:00] eseye.INFO: [http 200, ok] get -> https://esi.evetech.net/latest/corporation/230445889/mining/extractions/?datasource=tranquility [t/e: 0.28s/83]
[2021-12-12T13:24:58.624481+00:00] eseye.INFO: [http 200, ok] get -> https://esi.evetech.net/latest/corporation/98127387/mining/extractions/?datasource=tranquility [t/e: 0.24s/83]
[2021-12-12T13:25:05.785330+00:00] eseye.INFO: [http 304, not modified] get -> https://esi.evetech.net/latest/corporation/98011082/mining/observers/?datasource=tranquility [t/e: 0.22s/98]
[2021-12-12T13:25:06.128579+00:00] eseye.INFO: [http 304, not modified] get -> https://esi.evetech.net/latest/corporation/98011082/mining/observers/1036986129645/?datasource=tranquility [t/e: 0.17s/98]
[2021-12-12T13:25:06.780459+00:00] eseye.INFO: [http 304, not modified] get -> https://esi.evetech.net/latest/corporation/98011082/mining/observers/1036986136973/?datasource=tranquility [t/e: 0.16s/98]
[2021-12-12T13:25:07.099973+00:00] eseye.INFO: [http 304, not modified] get -> https://esi.evetech.net/latest/corporation/98011082/mining/observers/1037074419843/?datasource=tranquility [t/e: 0.16s/98]
[2021-12-12T13:25:07.428200+00:00] eseye.INFO: [http 304, not modified] get -> https://esi.evetech.net/latest/corporation/98011082/mining/observers/1037218950932/?datasource=tranquility [t/e: 0.15s/98]
[2021-12-12T13:25:07.764606+00:00] eseye.INFO: [http 200, ok] get -> https://esi.evetech.net/latest/corporation/98127387/mining/observers/?datasource=tranquility [t/e: 0.08s/97]
[2021-12-12T13:25:08.051828+00:00] eseye.INFO: [http 200, ok] get -> https://esi.evetech.net/latest/corporation/98127387/mining/observers/1036985994010/?datasource=tranquility [t/e: 0.10s/97]
[2021-12-12T13:25:08.943697+00:00] eseye.INFO: [http 304, not modified] get -> https://esi.evetech.net/latest/characters/2114724633/?datasource=tranquility [t/e: 0.08s/97]
[2021-12-12T13:25:09.035887+00:00] eseye.INFO: [http 200, ok] get -> https://esi.evetech.net/latest/corporations/98127387/?datasource=tranquility [t/e: 0.09s/97]
[2021-12-12T13:25:09.128476+00:00] eseye.INFO: [http 304, not modified] get -> https://esi.evetech.net/latest/alliances/1354830081/?datasource=tranquility [t/e: 0.09s/97]
[2021-12-12T13:25:09.350225+00:00] eseye.INFO: [http 304, not modified] get -> https://esi.evetech.net/latest/characters/2114822478/?datasource=tranquility [t/e: 0.09s/97]
[2021-12-12T13:25:09.463663+00:00] eseye.INFO: [http 304, not modified] get -> https://esi.evetech.net/latest/characters/2114837075/?datasource=tranquility [t/e: 0.08s/97]
[2021-12-12T13:25:09.565217+00:00] eseye.INFO: [http 304, not modified] get -> https://esi.evetech.net/latest/characters/2114888404/?datasource=tranquility [t/e: 0.08s/97]
[2021-12-12T13:25:09.671765+00:00] eseye.INFO: [http 304, not modified] get -> https://esi.evetech.net/latest/characters/2115276265/?datasource=tranquility [t/e: 0.09s/97]
[2021-12-12T13:25:10.424565+00:00] eseye.INFO: [http 200, ok] get -> https://esi.evetech.net/latest/corporation/98127387/mining/observers/1036999925547/?datasource=tranquility [t/e: 0.09s/97]
[2021-12-12T13:25:10.830832+00:00] eseye.INFO: [http 200, ok] get -> https://esi.evetech.net/latest/characters/2115234439/?datasource=tranquility [t/e: 0.09s/96]
[2021-12-12T13:25:10.937910+00:00] eseye.INFO: [http 304, not modified] get -> https://esi.evetech.net/latest/characters/2119022596/?datasource=tranquility [t/e: 0.09s/96]
[2021-12-12T13:25:11.033577+00:00] eseye.INFO: [http 200, ok] get -> https://esi.evetech.net/latest/characters/2112794829/?datasource=tranquility [t/e: 0.09s/96]
[2021-12-12T13:25:11.154941+00:00] eseye.INFO: [http 304, not modified] get -> https://esi.evetech.net/latest/characters/2114364939/?datasource=tranquility [t/e: 0.08s/96]
[2021-12-12T13:25:11.321126+00:00] eseye.INFO: [http 200, ok] get -> https://esi.evetech.net/latest/characters/2112947214/?datasource=tranquility [t/e: 0.08s/96]
[2021-12-12T13:25:11.435450+00:00] eseye.INFO: [http 304, not modified] get -> https://esi.evetech.net/latest/characters/1509406738/?datasource=tranquility [t/e: 0.08s/96]
[2021-12-12T13:25:11.739720+00:00] eseye.INFO: [http 200, ok] get -> https://esi.evetech.net/latest/characters/1188237852/?datasource=tranquility [t/e: 0.09s/96]
[2021-12-12T13:25:11.835741+00:00] eseye.INFO: [http 304, not modified] get -> https://esi.evetech.net/latest/characters/2004592196/?datasource=tranquility [t/e: 0.09s/96]
[2021-12-12T13:25:12.134899+00:00] eseye.INFO: [http 200, ok] get -> https://esi.evetech.net/latest/characters/90202359/?datasource=tranquility [t/e: 0.08s/96]
[2021-12-12T13:25:12.299512+00:00] eseye.INFO: [http 200, ok] get -> https://esi.evetech.net/latest/characters/1173877118/?datasource=tranquility [t/e: 0.12s/96]
[2021-12-12T13:25:12.807672+00:00] eseye.INFO: [http 200, ok] get -> https://esi.evetech.net/latest/corporation/98127387/mining/observers/1037008588112/?datasource=tranquility [t/e: 0.08s/96]
[2021-12-12T13:25:12.941078+00:00] eseye.INFO: [http 200, ok] get -> https://esi.evetech.net/latest/characters/1112741881/?datasource=tranquility [t/e: 0.09s/96]
[2021-12-12T13:25:13.039049+00:00] eseye.INFO: [http 200, ok] get -> https://esi.evetech.net/latest/corporations/98661654/?datasource=tranquility [t/e: 0.09s/96]
[2021-12-12T13:25:13.136451+00:00] eseye.INFO: [http 200, ok] get -> https://esi.evetech.net/latest/alliances/99008165/?datasource=tranquility [t/e: 0.08s/96]
[2021-12-12T13:25:13.337250+00:00] eseye.INFO: [http 200, ok] get -> https://esi.evetech.net/latest/characters/2112770160/?datasource=tranquility [t/e: 0.08s/95]
[2021-12-12T13:25:13.564906+00:00] eseye.INFO: [http 200, ok] get -> https://esi.evetech.net/latest/characters/2114636103/?datasource=tranquility [t/e: 0.09s/95]
[2021-12-12T13:25:13.687356+00:00] eseye.INFO: [http 200, ok] get -> https://esi.evetech.net/latest/characters/2115153147/?datasource=tranquility [t/e: 0.09s/95]
[2021-12-12T13:25:13.791976+00:00] eseye.INFO: [http 200, ok] get -> https://esi.evetech.net/latest/corporations/98495782/?datasource=tranquility [t/e: 0.10s/95]
[2021-12-12T13:25:13.891288+00:00] eseye.INFO: [http 200, ok] get -> https://esi.evetech.net/latest/characters/2115207966/?datasource=tranquility [t/e: 0.09s/95]
[2021-12-12T13:25:13.982872+00:00] eseye.INFO: [http 200, ok] get -> https://esi.evetech.net/latest/characters/2115353211/?datasource=tranquility [t/e: 0.08s/95]
[2021-12-12T13:25:14.087887+00:00] eseye.INFO: [http 200, ok] get -> https://esi.evetech.net/latest/characters/2115367770/?datasource=tranquility [t/e: 0.09s/95]
[2021-12-12T13:25:14.206926+00:00] eseye.INFO: [http 200, ok] get -> https://esi.evetech.net/latest/characters/2116530790/?datasource=tranquility [t/e: 0.10s/95]
[2021-12-12T13:25:14.637669+00:00] eseye.INFO: [http 304, not modified] get -> https://esi.evetech.net/latest/corporation/98127387/mining/observers/1037221196751/?datasource=tranquility [t/e: 0.08s/95]
[2021-12-12T13:25:14.897747+00:00] eseye.INFO: [http 200, ok] get -> https://esi.evetech.net/latest/corporation/98127387/mining/observers/1037221209175/?datasource=tranquility [t/e: 0.10s/95]
[2021-12-12T13:25:15.400753+00:00] eseye.INFO: [http 304, not modified] get -> https://esi.evetech.net/latest/characters/1482626600/?datasource=tranquility [t/e: 0.09s/95]
[2021-12-12T13:25:15.524746+00:00] eseye.INFO: [http 304, not modified] get -> https://esi.evetech.net/latest/characters/2112357642/?datasource=tranquility [t/e: 0.09s/95]
[2021-12-12T13:25:15.620945+00:00] eseye.INFO: [http 304, not modified] get -> https://esi.evetech.net/latest/characters/2114686465/?datasource=tranquility [t/e: 0.09s/95]
[2021-12-12T13:25:15.711805+00:00] eseye.INFO: [http 304, not modified] get -> https://esi.evetech.net/latest/characters/2114768136/?datasource=tranquility [t/e: 0.08s/94]
[2021-12-12T13:25:15.809942+00:00] eseye.INFO: [http 200, ok] get -> https://esi.evetech.net/latest/characters/2114767952/?datasource=tranquility [t/e: 0.09s/94]
[2021-12-12T13:25:15.916723+00:00] eseye.INFO: [http 304, not modified] get -> https://esi.evetech.net/latest/characters/2114499459/?datasource=tranquility [t/e: 0.09s/94]
[2021-12-12T13:25:16.398614+00:00] eseye.INFO: [http 304, not modified] get -> https://esi.evetech.net/latest/corporation/98127387/mining/observers/1037221232837/?datasource=tranquility [t/e: 0.09s/94]
[2021-12-12T13:25:16.630807+00:00] eseye.INFO: [http 304, not modified] get -> https://esi.evetech.net/latest/corporation/98127387/mining/observers/1037329553317/?datasource=tranquility [t/e: 0.07s/94]
[2021-12-12T13:25:16.918061+00:00] eseye.INFO: [http 304, not modified] get -> https://esi.evetech.net/latest/corporation/98127387/mining/observers/1037329566121/?datasource=tranquility [t/e: 0.09s/94]
[2021-12-12T13:25:17.198190+00:00] eseye.INFO: [http 304, not modified] get -> https://esi.evetech.net/latest/corporation/98127387/mining/observers/1037329577637/?datasource=tranquility [t/e: 0.09s/94]
[2021-12-12T13:25:17.499824+00:00] eseye.INFO: [http 304, not modified] get -> https://esi.evetech.net/latest/corporation/98127387/mining/observers/1037329600050/?datasource=tranquility [t/e: 0.09s/94]
[2021-12-12T13:25:17.736815+00:00] eseye.INFO: [http 304, not modified] get -> https://esi.evetech.net/latest/corporation/230445889/mining/observers/?datasource=tranquility [t/e: 0.09s/94]
[2021-12-12T13:25:17.959171+00:00] eseye.INFO: [http 304, not modified] get -> https://esi.evetech.net/latest/corporation/230445889/mining/observers/1037315100486/?datasource=tranquility [t/e: 0.09s/94]
[2021-12-12T13:25:18.213078+00:00] eseye.INFO: [http 304, not modified] get -> https://esi.evetech.net/latest/corporation/230445889/mining/observers/1037315122585/?datasource=tranquility [t/e: 0.10s/94]
[2021-12-12T13:25:18.633640+00:00] eseye.INFO: [http 304, not modified] get -> https://esi.evetech.net/latest/corporation/230445889/mining/observers/1037315326306/?datasource=tranquility [t/e: 0.09s/94]
[2021-12-12T13:25:19.089452+00:00] eseye.INFO: [http 304, not modified] get -> https://esi.evetech.net/latest/corporation/230445889/mining/observers/1037315342504/?datasource=tranquility [t/e: 0.08s/94]
