[2022-03-19T23:21:38.509963+00:00] eseye.INFO: [http 200, ok] get -> https://esi.evetech.net/latest/corporation/230445889/mining/extractions/?datasource=tranquility [t/e: 0.26s/100]
[2022-03-19T23:21:52.785612+00:00] eseye.INFO: [http 200, ok] get -> https://esi.evetech.net/latest/corporation/230445889/mining/observers/?datasource=tranquility [t/e: 0.22s/100]
[2022-03-19T23:21:53.115806+00:00] eseye.INFO: [http 200, ok] get -> https://esi.evetech.net/latest/corporation/230445889/mining/observers/1037315100486/?datasource=tranquility [t/e: 0.18s/100]
[2022-03-19T23:21:54.032003+00:00] eseye.INFO: [http 200, ok] get -> https://esi.evetech.net/latest/characters/95031239/?datasource=tranquility [t/e: 0.62s/100]
[2022-03-19T23:21:54.124985+00:00] eseye.INFO: [http 200, ok] get -> https://esi.evetech.net/latest/corporations/230445889/?datasource=tranquility [t/e: 0.09s/100]
[2022-03-19T23:21:54.219153+00:00] eseye.INFO: [http 304, not modified] get -> https://esi.evetech.net/latest/alliances/1354830081/?datasource=tranquility [t/e: 0.09s/100]
[2022-03-19T23:21:54.411167+00:00] eseye.INFO: [http 200, ok] get -> https://esi.evetech.net/latest/characters/95180397/?datasource=tranquility [t/e: 0.16s/100]
[2022-03-19T23:21:54.935114+00:00] eseye.INFO: [http 304, not modified] get -> https://esi.evetech.net/latest/characters/793838341/?datasource=tranquility [t/e: 0.51s/100]
[2022-03-19T23:21:56.135465+00:00] eseye.INFO: [http 200, ok] get -> https://esi.evetech.net/latest/characters/670562231/?datasource=tranquility [t/e: 1.18s/100]
[2022-03-19T23:21:56.416536+00:00] eseye.INFO: [http 200, ok] get -> https://esi.evetech.net/latest/corporation/230445889/mining/observers/1037315122585/?datasource=tranquility [t/e: 0.17s/100]
[2022-03-19T23:21:57.744874+00:00] eseye.INFO: [http 304, not modified] get -> https://esi.evetech.net/latest/characters/94867537/?datasource=tranquility [t/e: 1.21s/100]
[2022-03-19T23:21:57.894119+00:00] eseye.INFO: [http 200, ok] get -> https://esi.evetech.net/latest/characters/94254136/?datasource=tranquility [t/e: 0.13s/100]
[2022-03-19T23:21:58.108430+00:00] eseye.INFO: [http 200, ok] get -> https://esi.evetech.net/latest/characters/90661648/?datasource=tranquility [t/e: 0.18s/100]
[2022-03-19T23:21:58.282185+00:00] eseye.INFO: [http 200, ok] get -> https://esi.evetech.net/latest/characters/739827036/?datasource=tranquility [t/e: 0.16s/100]
[2022-03-19T23:21:59.746072+00:00] eseye.INFO: [http 200, ok] get -> https://esi.evetech.net/latest/characters/1837288189/?datasource=tranquility [t/e: 1.45s/100]
[2022-03-19T23:22:01.042311+00:00] eseye.INFO: [http 200, ok] get -> https://esi.evetech.net/latest/characters/168584485/?datasource=tranquility [t/e: 1.27s/100]
[2022-03-19T23:22:04.745772+00:00] eseye.INFO: [http 200, ok] get -> https://esi.evetech.net/latest/characters/478700936/?datasource=tranquility [t/e: 3.66s/100]
[2022-03-19T23:22:05.260986+00:00] eseye.INFO: [http 200, ok] get -> https://esi.evetech.net/latest/corporation/230445889/mining/observers/1037315326306/?datasource=tranquility [t/e: 0.20s/100]
[2022-03-19T23:22:06.646955+00:00] eseye.INFO: [http 200, ok] get -> https://esi.evetech.net/latest/corporation/230445889/mining/observers/1037315342504/?datasource=tranquility [t/e: 0.15s/100]
[2022-03-19T23:27:45.730358+00:00] eseye.INFO: [http 200, ok] get -> https://esi.evetech.net/latest/corporation/1184675423/mining/extractions/?datasource=tranquility [t/e: 0.31s/100]
[2022-03-19T23:27:55.639002+00:00] eseye.INFO: [http 200, ok] get -> https://esi.evetech.net/latest/corporation/1184675423/mining/observers/?datasource=tranquility [t/e: 0.18s/100]
[2022-03-19T23:27:56.226153+00:00] eseye.INFO: [http 200, ok] get -> https://esi.evetech.net/latest/corporation/1184675423/mining/observers/1036909537424/?datasource=tranquility [t/e: 0.22s/100]
[2022-03-19T23:27:56.317323+00:00] eseye.INFO: [http 200, ok] get -> https://esi.evetech.net/latest/characters/1030509425/?datasource=tranquility [t/e: 0.08s/100]
[2022-03-19T23:27:56.406605+00:00] eseye.INFO: [http 200, ok] get -> https://esi.evetech.net/latest/corporations/98535995/?datasource=tranquility [t/e: 0.08s/100]
[2022-03-19T23:27:56.610005+00:00] eseye.INFO: [http 200, ok] get -> https://esi.evetech.net/latest/characters/2112047502/?datasource=tranquility [t/e: 0.18s/100]
[2022-03-19T23:27:56.799246+00:00] eseye.INFO: [http 200, ok] get -> https://esi.evetech.net/latest/characters/2117405996/?datasource=tranquility [t/e: 0.13s/100]
[2022-03-19T23:27:56.930127+00:00] eseye.INFO: [http 200, ok] get -> https://esi.evetech.net/latest/corporations/1184675423/?datasource=tranquility [t/e: 0.12s/100]
[2022-03-19T23:27:57.176001+00:00] eseye.INFO: [http 200, ok] get -> https://esi.evetech.net/latest/characters/2117406806/?datasource=tranquility [t/e: 0.09s/100]
[2022-03-19T23:27:57.294513+00:00] eseye.INFO: [http 200, ok] get -> https://esi.evetech.net/latest/characters/2117406768/?datasource=tranquility [t/e: 0.11s/100]
[2022-03-19T23:27:57.424105+00:00] eseye.INFO: [http 200, ok] get -> https://esi.evetech.net/latest/characters/2117406799/?datasource=tranquility [t/e: 0.12s/100]
[2022-03-19T23:27:57.525138+00:00] eseye.INFO: [http 200, ok] get -> https://esi.evetech.net/latest/characters/2117406779/?datasource=tranquility [t/e: 0.09s/100]
[2022-03-19T23:27:57.672254+00:00] eseye.INFO: [http 200, ok] get -> https://esi.evetech.net/latest/characters/2117406792/?datasource=tranquility [t/e: 0.13s/100]
[2022-03-19T23:27:57.811018+00:00] eseye.INFO: [http 200, ok] get -> https://esi.evetech.net/latest/characters/2117406795/?datasource=tranquility [t/e: 0.13s/100]
[2022-03-19T23:27:57.926294+00:00] eseye.INFO: [http 200, ok] get -> https://esi.evetech.net/latest/characters/552211059/?datasource=tranquility [t/e: 0.10s/100]
[2022-03-19T23:27:58.015469+00:00] eseye.INFO: [http 200, ok] get -> https://esi.evetech.net/latest/characters/2117388677/?datasource=tranquility [t/e: 0.08s/100]
[2022-03-19T23:27:58.156084+00:00] eseye.INFO: [http 200, ok] get -> https://esi.evetech.net/latest/characters/2117406803/?datasource=tranquility [t/e: 0.13s/100]
[2022-03-19T23:27:58.338674+00:00] eseye.INFO: [http 200, ok] get -> https://esi.evetech.net/latest/characters/786173581/?datasource=tranquility [t/e: 0.17s/100]
[2022-03-19T23:27:58.650167+00:00] eseye.INFO: [http 200, ok] get -> https://esi.evetech.net/latest/characters/2118845097/?datasource=tranquility [t/e: 0.11s/100]
[2022-03-19T23:27:58.757420+00:00] eseye.INFO: [http 200, ok] get -> https://esi.evetech.net/latest/characters/2118845112/?datasource=tranquility [t/e: 0.10s/100]
[2022-03-19T23:27:58.859966+00:00] eseye.INFO: [http 200, ok] get -> https://esi.evetech.net/latest/characters/2118845123/?datasource=tranquility [t/e: 0.09s/100]
[2022-03-19T23:27:58.953662+00:00] eseye.INFO: [http 200, ok] get -> https://esi.evetech.net/latest/characters/2118845139/?datasource=tranquility [t/e: 0.08s/100]
[2022-03-19T23:27:59.047263+00:00] eseye.INFO: [http 200, ok] get -> https://esi.evetech.net/latest/characters/2118845155/?datasource=tranquility [t/e: 0.08s/100]
[2022-03-19T23:27:59.422042+00:00] eseye.INFO: [http 200, ok] get -> https://esi.evetech.net/latest/characters/2118845161/?datasource=tranquility [t/e: 0.36s/100]
[2022-03-19T23:27:59.517542+00:00] eseye.INFO: [http 200, ok] get -> https://esi.evetech.net/latest/characters/2118845189/?datasource=tranquility [t/e: 0.08s/100]
[2022-03-19T23:27:59.609327+00:00] eseye.INFO: [http 200, ok] get -> https://esi.evetech.net/latest/characters/2118848386/?datasource=tranquility [t/e: 0.08s/100]
[2022-03-19T23:27:59.703634+00:00] eseye.INFO: [http 200, ok] get -> https://esi.evetech.net/latest/characters/2118845205/?datasource=tranquility [t/e: 0.08s/100]
[2022-03-19T23:28:00.076244+00:00] eseye.INFO: [http 200, ok] get -> https://esi.evetech.net/latest/characters/2118845213/?datasource=tranquility [t/e: 0.36s/100]
[2022-03-19T23:28:00.228520+00:00] eseye.INFO: [http 200, ok] get -> https://esi.evetech.net/latest/characters/2118845248/?datasource=tranquility [t/e: 0.14s/100]
[2022-03-19T23:28:00.330551+00:00] eseye.INFO: [http 200, ok] get -> https://esi.evetech.net/latest/characters/2118845254/?datasource=tranquility [t/e: 0.09s/100]
[2022-03-19T23:28:01.500469+00:00] eseye.INFO: [http 200, ok] get -> https://esi.evetech.net/latest/characters/90967788/?datasource=tranquility [t/e: 1.16s/100]
[2022-03-19T23:28:01.610281+00:00] eseye.INFO: [http 200, ok] get -> https://esi.evetech.net/latest/characters/90992300/?datasource=tranquility [t/e: 0.09s/100]
[2022-03-19T23:28:01.718638+00:00] eseye.INFO: [http 200, ok] get -> https://esi.evetech.net/latest/characters/93083998/?datasource=tranquility [t/e: 0.09s/100]
[2022-03-19T23:28:01.823368+00:00] eseye.INFO: [http 200, ok] get -> https://esi.evetech.net/latest/characters/95751978/?datasource=tranquility [t/e: 0.09s/100]
[2022-03-19T23:28:01.938574+00:00] eseye.INFO: [http 200, ok] get -> https://esi.evetech.net/latest/characters/2119236601/?datasource=tranquility [t/e: 0.10s/100]
[2022-03-19T23:28:02.133026+00:00] eseye.INFO: [http 200, ok] get -> https://esi.evetech.net/latest/characters/2119584192/?datasource=tranquility [t/e: 0.18s/100]
[2022-03-19T23:28:02.288219+00:00] eseye.INFO: [http 200, ok] get -> https://esi.evetech.net/latest/characters/2119774031/?datasource=tranquility [t/e: 0.14s/100]
[2022-03-19T23:28:02.401821+00:00] eseye.INFO: [http 200, ok] get -> https://esi.evetech.net/latest/characters/2119774043/?datasource=tranquility [t/e: 0.10s/100]
[2022-03-19T23:28:02.522418+00:00] eseye.INFO: [http 200, ok] get -> https://esi.evetech.net/latest/characters/2119774052/?datasource=tranquility [t/e: 0.11s/100]
[2022-03-19T23:28:02.635263+00:00] eseye.INFO: [http 200, ok] get -> https://esi.evetech.net/latest/characters/2119774059/?datasource=tranquility [t/e: 0.10s/100]
[2022-03-19T23:28:02.946864+00:00] eseye.INFO: [http 200, ok] get -> https://esi.evetech.net/latest/characters/2118845004/?datasource=tranquility [t/e: 0.17s/100]
[2022-03-19T23:28:03.104261+00:00] eseye.INFO: [http 200, ok] get -> https://esi.evetech.net/latest/characters/2119228370/?datasource=tranquility [t/e: 0.14s/100]
[2022-03-19T23:28:03.258968+00:00] eseye.INFO: [http 200, ok] get -> https://esi.evetech.net/latest/characters/2119606620/?datasource=tranquility [t/e: 0.14s/100]
[2022-03-19T23:28:03.906291+00:00] eseye.INFO: [http 200, ok] get -> https://esi.evetech.net/latest/corporation/1184675423/mining/observers/1036999644749/?datasource=tranquility [t/e: 0.33s/100]
[2022-03-19T23:28:04.014239+00:00] eseye.INFO: [http 200, ok] get -> https://esi.evetech.net/latest/characters/564438007/?datasource=tranquility [t/e: 0.08s/100]
[2022-03-19T23:28:04.141609+00:00] eseye.INFO: [http 200, ok] get -> https://esi.evetech.net/latest/characters/1818347726/?datasource=tranquility [t/e: 0.10s/100]
[2022-03-19T23:28:04.245262+00:00] eseye.INFO: [http 200, ok] get -> https://esi.evetech.net/latest/characters/2119301719/?datasource=tranquility [t/e: 0.09s/100]
[2022-03-19T23:28:05.076677+00:00] eseye.INFO: [http 200, ok] get -> https://esi.evetech.net/latest/characters/2119321979/?datasource=tranquility [t/e: 0.82s/100]
[2022-03-19T23:28:05.193005+00:00] eseye.INFO: [http 200, ok] get -> https://esi.evetech.net/latest/characters/1226001225/?datasource=tranquility [t/e: 0.09s/100]
[2022-03-19T23:28:05.563301+00:00] eseye.INFO: [http 200, ok] get -> https://esi.evetech.net/latest/characters/2119350296/?datasource=tranquility [t/e: 0.35s/100]
[2022-03-19T23:28:05.925154+00:00] eseye.INFO: [http 200, ok] get -> https://esi.evetech.net/latest/characters/2119493340/?datasource=tranquility [t/e: 0.35s/100]
[2022-03-19T23:28:06.069747+00:00] eseye.INFO: [http 200, ok] get -> https://esi.evetech.net/latest/characters/2119527072/?datasource=tranquility [t/e: 0.13s/100]
[2022-03-19T23:28:06.165340+00:00] eseye.INFO: [http 200, ok] get -> https://esi.evetech.net/latest/characters/94747460/?datasource=tranquility [t/e: 0.08s/100]
[2022-03-19T23:28:06.277819+00:00] eseye.INFO: [http 200, ok] get -> https://esi.evetech.net/latest/characters/316438094/?datasource=tranquility [t/e: 0.10s/100]
[2022-03-19T23:28:06.479261+00:00] eseye.INFO: [http 200, ok] get -> https://esi.evetech.net/latest/characters/513794587/?datasource=tranquility [t/e: 0.19s/100]
[2022-03-19T23:28:06.591341+00:00] eseye.INFO: [http 200, ok] get -> https://esi.evetech.net/latest/characters/660455561/?datasource=tranquility [t/e: 0.08s/100]
[2022-03-19T23:28:06.990834+00:00] eseye.INFO: [http 200, ok] get -> https://esi.evetech.net/latest/characters/2119322020/?datasource=tranquility [t/e: 0.38s/100]
[2022-03-19T23:28:07.357108+00:00] eseye.INFO: [http 200, ok] get -> https://esi.evetech.net/latest/characters/2119495970/?datasource=tranquility [t/e: 0.35s/100]
[2022-03-19T23:28:07.475008+00:00] eseye.INFO: [http 200, ok] get -> https://esi.evetech.net/latest/characters/94942179/?datasource=tranquility [t/e: 0.10s/100]
[2022-03-19T23:28:07.780002+00:00] eseye.INFO: [http 200, ok] get -> https://esi.evetech.net/latest/characters/2114281780/?datasource=tranquility [t/e: 0.29s/100]
[2022-03-19T23:28:07.876099+00:00] eseye.INFO: [http 200, ok] get -> https://esi.evetech.net/latest/characters/2117620834/?datasource=tranquility [t/e: 0.09s/100]
[2022-03-19T23:28:07.970600+00:00] eseye.INFO: [http 200, ok] get -> https://esi.evetech.net/latest/characters/2119076312/?datasource=tranquility [t/e: 0.08s/100]
[2022-03-19T23:28:08.076258+00:00] eseye.INFO: [http 200, ok] get -> https://esi.evetech.net/latest/characters/316657727/?datasource=tranquility [t/e: 0.08s/100]
[2022-03-19T23:28:08.451555+00:00] eseye.INFO: [http 200, ok] get -> https://esi.evetech.net/latest/characters/2112857549/?datasource=tranquility [t/e: 0.37s/100]
[2022-03-19T23:28:08.583682+00:00] eseye.INFO: [http 200, ok] get -> https://esi.evetech.net/latest/characters/2119527113/?datasource=tranquility [t/e: 0.11s/100]
[2022-03-19T23:28:08.682160+00:00] eseye.INFO: [http 200, ok] get -> https://esi.evetech.net/latest/characters/96561560/?datasource=tranquility [t/e: 0.08s/100]
[2022-03-19T23:28:09.044165+00:00] eseye.INFO: [http 200, ok] get -> https://esi.evetech.net/latest/characters/2117620867/?datasource=tranquility [t/e: 0.34s/100]
[2022-03-19T23:28:09.136110+00:00] eseye.INFO: [http 200, ok] get -> https://esi.evetech.net/latest/characters/2119203003/?datasource=tranquility [t/e: 0.08s/100]
[2022-03-19T23:28:09.239695+00:00] eseye.INFO: [http 200, ok] get -> https://esi.evetech.net/latest/characters/2119310329/?datasource=tranquility [t/e: 0.09s/100]
[2022-03-19T23:28:09.351781+00:00] eseye.INFO: [http 200, ok] get -> https://esi.evetech.net/latest/characters/940627677/?datasource=tranquility [t/e: 0.10s/100]
[2022-03-19T23:28:09.461208+00:00] eseye.INFO: [http 200, ok] get -> https://esi.evetech.net/latest/characters/1136678136/?datasource=tranquility [t/e: 0.10s/100]
[2022-03-19T23:28:09.664348+00:00] eseye.INFO: [http 200, ok] get -> https://esi.evetech.net/latest/characters/2118378144/?datasource=tranquility [t/e: 0.19s/100]
[2022-03-19T23:28:09.812673+00:00] eseye.INFO: [http 200, ok] get -> https://esi.evetech.net/latest/characters/2117921502/?datasource=tranquility [t/e: 0.14s/100]
[2022-03-19T23:28:09.921250+00:00] eseye.INFO: [http 200, ok] get -> https://esi.evetech.net/latest/characters/2117921557/?datasource=tranquility [t/e: 0.09s/100]
[2022-03-19T23:28:10.018745+00:00] eseye.INFO: [http 200, ok] get -> https://esi.evetech.net/latest/characters/2118488822/?datasource=tranquility [t/e: 0.08s/100]
[2022-03-19T23:28:10.131420+00:00] eseye.INFO: [http 200, ok] get -> https://esi.evetech.net/latest/characters/2112941350/?datasource=tranquility [t/e: 0.10s/100]
[2022-03-19T23:28:10.225880+00:00] eseye.INFO: [http 200, ok] get -> https://esi.evetech.net/latest/characters/2118488816/?datasource=tranquility [t/e: 0.08s/100]
[2022-03-19T23:28:10.403961+00:00] eseye.INFO: [http 200, ok] get -> https://esi.evetech.net/latest/characters/2112933097/?datasource=tranquility [t/e: 0.17s/100]
[2022-03-19T23:28:10.573820+00:00] eseye.INFO: [http 200, ok] get -> https://esi.evetech.net/latest/characters/2117921338/?datasource=tranquility [t/e: 0.15s/100]
[2022-03-19T23:28:10.696314+00:00] eseye.INFO: [http 200, ok] get -> https://esi.evetech.net/latest/characters/2118488812/?datasource=tranquility [t/e: 0.11s/100]
[2022-03-19T23:28:10.848726+00:00] eseye.INFO: [http 200, ok] get -> https://esi.evetech.net/latest/characters/396325461/?datasource=tranquility [t/e: 0.13s/100]
[2022-03-19T23:28:10.951367+00:00] eseye.INFO: [http 200, ok] get -> https://esi.evetech.net/latest/characters/2117921540/?datasource=tranquility [t/e: 0.09s/100]
[2022-03-19T23:28:11.081404+00:00] eseye.INFO: [http 200, ok] get -> https://esi.evetech.net/latest/characters/2118488814/?datasource=tranquility [t/e: 0.09s/100]
[2022-03-19T23:28:11.484027+00:00] eseye.INFO: [http 200, ok] get -> https://esi.evetech.net/latest/characters/1058384798/?datasource=tranquility [t/e: 0.08s/100]
[2022-03-19T23:28:11.656880+00:00] eseye.INFO: [http 200, ok] get -> https://esi.evetech.net/latest/characters/623507975/?datasource=tranquility [t/e: 0.12s/100]
[2022-03-19T23:28:11.820173+00:00] eseye.INFO: [http 200, ok] get -> https://esi.evetech.net/latest/characters/1253073127/?datasource=tranquility [t/e: 0.15s/100]
[2022-03-19T23:28:12.508940+00:00] eseye.INFO: [http 200, ok] get -> https://esi.evetech.net/latest/characters/852429405/?datasource=tranquility [t/e: 0.22s/100]
[2022-03-19T23:28:12.915483+00:00] eseye.INFO: [http 200, ok] get -> https://esi.evetech.net/latest/characters/370564560/?datasource=tranquility [t/e: 0.18s/100]
[2022-03-19T23:28:13.543038+00:00] eseye.INFO: [http 200, ok] get -> https://esi.evetech.net/latest/corporation/1184675423/mining/observers/1037207251498/?datasource=tranquility [t/e: 0.24s/100]
[2022-03-19T23:28:13.701254+00:00] eseye.INFO: [http 200, ok] get -> https://esi.evetech.net/latest/characters/2118227195/?datasource=tranquility [t/e: 0.14s/100]
[2022-03-19T23:28:13.800166+00:00] eseye.INFO: [http 200, ok] get -> https://esi.evetech.net/latest/characters/1372224827/?datasource=tranquility [t/e: 0.08s/100]
[2022-03-19T23:28:13.942604+00:00] eseye.INFO: [http 200, ok] get -> https://esi.evetech.net/latest/characters/1429255630/?datasource=tranquility [t/e: 0.13s/100]
[2022-03-19T23:28:14.043382+00:00] eseye.INFO: [http 200, ok] get -> https://esi.evetech.net/latest/characters/1631100373/?datasource=tranquility [t/e: 0.09s/100]
[2022-03-19T23:28:14.212599+00:00] eseye.INFO: [http 200, ok] get -> https://esi.evetech.net/latest/characters/91372114/?datasource=tranquility [t/e: 0.14s/100]
[2022-03-19T23:28:14.357985+00:00] eseye.INFO: [http 200, ok] get -> https://esi.evetech.net/latest/characters/90817754/?datasource=tranquility [t/e: 0.10s/100]
[2022-03-19T23:28:14.448727+00:00] eseye.INFO: [http 200, ok] get -> https://esi.evetech.net/latest/characters/191625249/?datasource=tranquility [t/e: 0.08s/100]
[2022-03-19T23:28:14.609252+00:00] eseye.INFO: [http 200, ok] get -> https://esi.evetech.net/latest/characters/681008114/?datasource=tranquility [t/e: 0.15s/100]
[2022-03-19T23:28:14.907070+00:00] eseye.INFO: [http 200, ok] get -> https://esi.evetech.net/latest/characters/97208865/?datasource=tranquility [t/e: 0.16s/100]
[2022-03-19T23:28:15.055878+00:00] eseye.INFO: [http 200, ok] get -> https://esi.evetech.net/latest/characters/2112294483/?datasource=tranquility [t/e: 0.09s/100]
[2022-03-19T23:28:15.155889+00:00] eseye.INFO: [http 200, ok] get -> https://esi.evetech.net/latest/characters/94788641/?datasource=tranquility [t/e: 0.09s/100]
[2022-03-19T23:28:15.743158+00:00] eseye.INFO: [http 200, ok] get -> https://esi.evetech.net/latest/characters/413497569/?datasource=tranquility [t/e: 0.11s/100]
[2022-03-19T23:28:16.154706+00:00] eseye.INFO: [http 200, ok] get -> https://esi.evetech.net/latest/characters/93712451/?datasource=tranquility [t/e: 0.08s/100]
[2022-03-19T23:28:16.306323+00:00] eseye.INFO: [http 200, ok] get -> https://esi.evetech.net/latest/characters/2112769896/?datasource=tranquility [t/e: 0.09s/100]
[2022-03-19T23:28:16.432540+00:00] eseye.INFO: [http 200, ok] get -> https://esi.evetech.net/latest/characters/95747414/?datasource=tranquility [t/e: 0.12s/100]
[2022-03-19T23:28:16.586064+00:00] eseye.INFO: [http 200, ok] get -> https://esi.evetech.net/latest/characters/95831272/?datasource=tranquility [t/e: 0.14s/100]
[2022-03-19T23:28:17.783661+00:00] eseye.INFO: [http 200, ok] get -> https://esi.evetech.net/latest/characters/96190401/?datasource=tranquility [t/e: 0.41s/100]
[2022-03-19T23:28:18.059992+00:00] eseye.INFO: [http 200, ok] get -> https://esi.evetech.net/latest/characters/92833692/?datasource=tranquility [t/e: 0.13s/100]
[2022-03-19T23:28:18.166914+00:00] eseye.INFO: [http 200, ok] get -> https://esi.evetech.net/latest/characters/95554389/?datasource=tranquility [t/e: 0.10s/100]
[2022-03-19T23:28:18.629821+00:00] eseye.INFO: [http 200, ok] get -> https://esi.evetech.net/latest/characters/96363074/?datasource=tranquility [t/e: 0.35s/100]
[2022-03-19T23:28:19.767400+00:00] eseye.INFO: [http 200, ok] get -> https://esi.evetech.net/latest/characters/2114518440/?datasource=tranquility [t/e: 1.13s/100]
[2022-03-19T23:28:19.897542+00:00] eseye.INFO: [http 200, ok] get -> https://esi.evetech.net/latest/characters/2118862607/?datasource=tranquility [t/e: 0.11s/100]
[2022-03-19T23:28:20.001738+00:00] eseye.INFO: [http 200, ok] get -> https://esi.evetech.net/latest/characters/90889427/?datasource=tranquility [t/e: 0.09s/100]
[2022-03-19T23:28:20.125257+00:00] eseye.INFO: [http 200, ok] get -> https://esi.evetech.net/latest/characters/1759225392/?datasource=tranquility [t/e: 0.09s/100]
[2022-03-19T23:28:20.296268+00:00] eseye.INFO: [http 200, ok] get -> https://esi.evetech.net/latest/characters/96481278/?datasource=tranquility [t/e: 0.16s/100]
[2022-03-19T23:28:20.910231+00:00] eseye.INFO: [http 200, ok] get -> https://esi.evetech.net/latest/characters/2119126219/?datasource=tranquility [t/e: 0.60s/100]
[2022-03-19T23:28:21.068523+00:00] eseye.INFO: [http 200, ok] get -> https://esi.evetech.net/latest/characters/2116967217/?datasource=tranquility [t/e: 0.14s/100]
[2022-03-19T23:28:21.437467+00:00] eseye.INFO: [http 200, ok] get -> https://esi.evetech.net/latest/characters/94804464/?datasource=tranquility [t/e: 0.35s/100]
[2022-03-19T23:28:21.845766+00:00] eseye.INFO: [http 200, ok] get -> https://esi.evetech.net/latest/characters/95211187/?datasource=tranquility [t/e: 0.40s/100]
[2022-03-19T23:28:21.997184+00:00] eseye.INFO: [http 200, ok] get -> https://esi.evetech.net/latest/characters/2119713607/?datasource=tranquility [t/e: 0.10s/100]
[2022-03-19T23:28:22.145637+00:00] eseye.INFO: [http 200, ok] get -> https://esi.evetech.net/latest/characters/2112932905/?datasource=tranquility [t/e: 0.11s/100]
[2022-03-19T23:28:22.691970+00:00] eseye.INFO: [http 200, ok] get -> https://esi.evetech.net/latest/corporations/667531913/?datasource=tranquility [t/e: 0.36s/100]
[2022-03-19T23:28:22.828108+00:00] eseye.INFO: [http 200, ok] get -> https://esi.evetech.net/latest/characters/477010708/?datasource=tranquility [t/e: 0.12s/100]
[2022-03-19T23:28:22.923764+00:00] eseye.INFO: [http 200, ok] get -> https://esi.evetech.net/latest/characters/611122515/?datasource=tranquility [t/e: 0.08s/100]
[2022-03-19T23:28:23.050185+00:00] eseye.INFO: [http 200, ok] get -> https://esi.evetech.net/latest/characters/2119595750/?datasource=tranquility [t/e: 0.11s/100]
[2022-03-19T23:28:23.522903+00:00] eseye.INFO: [http 200, ok] get -> https://esi.evetech.net/latest/characters/92766716/?datasource=tranquility [t/e: 0.38s/100]
[2022-03-19T23:28:24.680232+00:00] eseye.INFO: [http 200, ok] get -> https://esi.evetech.net/latest/characters/2119263128/?datasource=tranquility [t/e: 1.08s/100]
[2022-03-19T23:28:24.807358+00:00] eseye.INFO: [http 200, ok] get -> https://esi.evetech.net/latest/characters/2119706481/?datasource=tranquility [t/e: 0.11s/100]
[2022-03-19T23:28:24.911368+00:00] eseye.INFO: [http 200, ok] get -> https://esi.evetech.net/latest/characters/2119173724/?datasource=tranquility [t/e: 0.09s/100]
[2022-03-19T23:28:25.006563+00:00] eseye.INFO: [http 200, ok] get -> https://esi.evetech.net/latest/characters/2119170821/?datasource=tranquility [t/e: 0.08s/100]
[2022-03-19T23:28:25.301857+00:00] eseye.INFO: [http 200, ok] get -> https://esi.evetech.net/latest/characters/1415068517/?datasource=tranquility [t/e: 0.09s/100]
[2022-03-19T23:28:25.412471+00:00] eseye.INFO: [http 200, ok] get -> https://esi.evetech.net/latest/characters/1522497462/?datasource=tranquility [t/e: 0.10s/100]
[2022-03-19T23:28:25.545700+00:00] eseye.INFO: [http 200, ok] get -> https://esi.evetech.net/latest/characters/1302094141/?datasource=tranquility [t/e: 0.12s/100]
[2022-03-19T23:28:25.756182+00:00] eseye.INFO: [http 200, ok] get -> https://esi.evetech.net/latest/characters/96754960/?datasource=tranquility [t/e: 0.20s/100]
[2022-03-19T23:28:25.861970+00:00] eseye.INFO: [http 200, ok] get -> https://esi.evetech.net/latest/characters/630068542/?datasource=tranquility [t/e: 0.08s/100]
[2022-03-19T23:28:25.994167+00:00] eseye.INFO: [http 200, ok] get -> https://esi.evetech.net/latest/characters/2119527654/?datasource=tranquility [t/e: 0.12s/100]
[2022-03-19T23:28:26.127736+00:00] eseye.INFO: [http 200, ok] get -> https://esi.evetech.net/latest/characters/797304735/?datasource=tranquility [t/e: 0.12s/100]
[2022-03-19T23:28:26.609572+00:00] eseye.INFO: [http 200, ok] get -> https://esi.evetech.net/latest/corporation/1184675423/mining/observers/1037207364228/?datasource=tranquility [t/e: 0.35s/100]
[2022-03-19T23:28:26.747721+00:00] eseye.INFO: [http 200, ok] get -> https://esi.evetech.net/latest/characters/2113790643/?datasource=tranquility [t/e: 0.13s/100]
[2022-03-19T23:28:26.849972+00:00] eseye.INFO: [http 200, ok] get -> https://esi.evetech.net/latest/characters/2113866265/?datasource=tranquility [t/e: 0.09s/100]
[2022-03-19T23:28:26.986782+00:00] eseye.INFO: [http 200, ok] get -> https://esi.evetech.net/latest/characters/2113866925/?datasource=tranquility [t/e: 0.13s/100]
[2022-03-19T23:28:27.119652+00:00] eseye.INFO: [http 200, ok] get -> https://esi.evetech.net/latest/characters/92918338/?datasource=tranquility [t/e: 0.09s/100]
[2022-03-19T23:28:27.217220+00:00] eseye.INFO: [http 200, ok] get -> https://esi.evetech.net/latest/characters/1671145879/?datasource=tranquility [t/e: 0.09s/100]
[2022-03-19T23:28:27.805129+00:00] eseye.INFO: [http 200, ok] get -> https://esi.evetech.net/latest/characters/387976220/?datasource=tranquility [t/e: 0.10s/100]
[2022-03-19T23:28:27.926388+00:00] eseye.INFO: [http 200, ok] get -> https://esi.evetech.net/latest/characters/1488990697/?datasource=tranquility [t/e: 0.11s/100]
[2022-03-19T23:28:28.024441+00:00] eseye.INFO: [http 200, ok] get -> https://esi.evetech.net/latest/characters/90461671/?datasource=tranquility [t/e: 0.09s/100]
[2022-03-19T23:28:28.131081+00:00] eseye.INFO: [http 200, ok] get -> https://esi.evetech.net/latest/characters/94497252/?datasource=tranquility [t/e: 0.09s/100]
[2022-03-19T23:28:28.229032+00:00] eseye.INFO: [http 200, ok] get -> https://esi.evetech.net/latest/characters/96317413/?datasource=tranquility [t/e: 0.09s/100]
[2022-03-19T23:28:28.325654+00:00] eseye.INFO: [http 200, ok] get -> https://esi.evetech.net/latest/characters/443817659/?datasource=tranquility [t/e: 0.08s/100]
[2022-03-19T23:28:28.423873+00:00] eseye.INFO: [http 200, ok] get -> https://esi.evetech.net/latest/characters/2119372090/?datasource=tranquility [t/e: 0.08s/100]
[2022-03-19T23:28:28.617708+00:00] eseye.INFO: [http 200, ok] get -> https://esi.evetech.net/latest/characters/2119392702/?datasource=tranquility [t/e: 0.18s/100]
[2022-03-19T23:28:28.755082+00:00] eseye.INFO: [http 200, ok] get -> https://esi.evetech.net/latest/characters/2119494645/?datasource=tranquility [t/e: 0.12s/100]
[2022-03-19T23:28:28.865550+00:00] eseye.INFO: [http 200, ok] get -> https://esi.evetech.net/latest/characters/1601672661/?datasource=tranquility [t/e: 0.09s/100]
[2022-03-19T23:28:29.144913+00:00] eseye.INFO: [http 200, ok] get -> https://esi.evetech.net/latest/characters/90306466/?datasource=tranquility [t/e: 0.09s/100]
[2022-03-19T23:28:29.361831+00:00] eseye.INFO: [http 200, ok] get -> https://esi.evetech.net/latest/characters/1268237259/?datasource=tranquility [t/e: 0.09s/100]
[2022-03-19T23:28:30.662637+00:00] eseye.INFO: [http 200, ok] get -> https://esi.evetech.net/latest/characters/94815713/?datasource=tranquility [t/e: 1.12s/100]
[2022-03-19T23:28:31.600190+00:00] eseye.INFO: [http 200, ok] get -> https://esi.evetech.net/latest/characters/2118197677/?datasource=tranquility [t/e: 0.54s/100]
[2022-03-19T23:28:31.989626+00:00] eseye.INFO: [http 200, ok] get -> https://esi.evetech.net/latest/characters/184938226/?datasource=tranquility [t/e: 0.10s/100]
[2022-03-19T23:28:32.085421+00:00] eseye.INFO: [http 200, ok] get -> https://esi.evetech.net/latest/characters/697646685/?datasource=tranquility [t/e: 0.08s/100]
[2022-03-19T23:28:32.433913+00:00] eseye.INFO: [http 200, ok] get -> https://esi.evetech.net/latest/characters/1021689065/?datasource=tranquility [t/e: 0.34s/100]
[2022-03-19T23:28:32.877660+00:00] eseye.INFO: [http 200, ok] get -> https://esi.evetech.net/latest/characters/2113734340/?datasource=tranquility [t/e: 0.43s/100]
[2022-03-19T23:28:32.980587+00:00] eseye.INFO: [http 200, ok] get -> https://esi.evetech.net/latest/characters/2113734683/?datasource=tranquility [t/e: 0.09s/100]
[2022-03-19T23:28:33.144933+00:00] eseye.INFO: [http 200, ok] get -> https://esi.evetech.net/latest/characters/2113734698/?datasource=tranquility [t/e: 0.14s/100]
[2022-03-19T23:28:33.759116+00:00] eseye.INFO: [http 200, ok] get -> https://esi.evetech.net/latest/corporation/1184675423/mining/observers/1037207412158/?datasource=tranquility [t/e: 0.33s/100]
[2022-03-19T23:28:33.988336+00:00] eseye.INFO: [http 200, ok] get -> https://esi.evetech.net/latest/characters/2113967345/?datasource=tranquility [t/e: 0.08s/100]
[2022-03-19T23:28:34.088030+00:00] eseye.INFO: [http 200, ok] get -> https://esi.evetech.net/latest/characters/1108956528/?datasource=tranquility [t/e: 0.08s/100]
[2022-03-19T23:28:34.188578+00:00] eseye.INFO: [http 200, ok] get -> https://esi.evetech.net/latest/characters/92926972/?datasource=tranquility [t/e: 0.09s/100]
[2022-03-19T23:28:34.504898+00:00] eseye.INFO: [http 200, ok] get -> https://esi.evetech.net/latest/corporations/98437261/?datasource=tranquility [t/e: 0.31s/100]
[2022-03-19T23:28:34.902506+00:00] eseye.INFO: [http 200, ok] get -> https://esi.evetech.net/latest/characters/95701994/?datasource=tranquility [t/e: 0.12s/100]
[2022-03-19T23:28:35.067668+00:00] eseye.INFO: [http 200, ok] get -> https://esi.evetech.net/latest/characters/95631549/?datasource=tranquility [t/e: 0.16s/100]
[2022-03-19T23:28:35.155812+00:00] eseye.INFO: [http 200, ok] get -> https://esi.evetech.net/latest/characters/295882266/?datasource=tranquility [t/e: 0.08s/100]
[2022-03-19T23:28:35.258040+00:00] eseye.INFO: [http 200, ok] get -> https://esi.evetech.net/latest/characters/1975196124/?datasource=tranquility [t/e: 0.09s/100]
[2022-03-19T23:28:35.352556+00:00] eseye.INFO: [http 200, ok] get -> https://esi.evetech.net/latest/characters/2113336471/?datasource=tranquility [t/e: 0.08s/100]
[2022-03-19T23:28:35.457987+00:00] eseye.INFO: [http 200, ok] get -> https://esi.evetech.net/latest/characters/2113863896/?datasource=tranquility [t/e: 0.09s/100]
[2022-03-19T23:28:36.405347+00:00] eseye.INFO: [http 200, ok] get -> https://esi.evetech.net/latest/characters/248529845/?datasource=tranquility [t/e: 0.10s/100]
[2022-03-19T23:28:36.757730+00:00] eseye.INFO: [http 200, ok] get -> https://esi.evetech.net/latest/corporations/98445595/?datasource=tranquility [t/e: 0.35s/100]
[2022-03-19T23:28:36.951782+00:00] eseye.INFO: [http 200, ok] get -> https://esi.evetech.net/latest/alliances/99006771/?datasource=tranquility [t/e: 0.19s/100]
[2022-03-19T23:28:37.055892+00:00] eseye.INFO: [http 200, ok] get -> https://esi.evetech.net/latest/characters/1864935917/?datasource=tranquility [t/e: 0.09s/100]
[2022-03-19T23:28:37.146064+00:00] eseye.INFO: [http 200, ok] get -> https://esi.evetech.net/latest/corporations/98008630/?datasource=tranquility [t/e: 0.09s/100]
[2022-03-19T23:28:37.260707+00:00] eseye.INFO: [http 200, ok] get -> https://esi.evetech.net/latest/characters/524364160/?datasource=tranquility [t/e: 0.09s/100]
[2022-03-19T23:28:37.367144+00:00] eseye.INFO: [http 200, ok] get -> https://esi.evetech.net/latest/characters/698835915/?datasource=tranquility [t/e: 0.09s/100]
[2022-03-19T23:28:37.566062+00:00] eseye.INFO: [http 200, ok] get -> https://esi.evetech.net/latest/characters/96600170/?datasource=tranquility [t/e: 0.18s/100]
[2022-03-19T23:28:37.690978+00:00] eseye.INFO: [http 200, ok] get -> https://esi.evetech.net/latest/characters/555316497/?datasource=tranquility [t/e: 0.11s/100]
[2022-03-19T23:28:37.833663+00:00] eseye.INFO: [http 200, ok] get -> https://esi.evetech.net/latest/characters/1952008289/?datasource=tranquility [t/e: 0.08s/100]
[2022-03-19T23:28:38.093259+00:00] eseye.INFO: [http 200, ok] get -> https://esi.evetech.net/latest/characters/2112881142/?datasource=tranquility [t/e: 0.13s/100]
[2022-03-19T23:28:39.317376+00:00] eseye.INFO: [http 200, ok] get -> https://esi.evetech.net/latest/characters/2113718763/?datasource=tranquility [t/e: 1.08s/100]
[2022-03-19T23:28:39.916441+00:00] eseye.INFO: [http 200, ok] get -> https://esi.evetech.net/latest/characters/1669081311/?datasource=tranquility [t/e: 0.10s/100]
[2022-03-19T23:28:41.730017+00:00] eseye.INFO: [http 200, ok] get -> https://esi.evetech.net/latest/corporation/1184675423/mining/observers/1037210290889/?datasource=tranquility [t/e: 0.55s/100]
[2022-03-19T23:28:42.255218+00:00] eseye.INFO: [http 200, ok] get -> https://esi.evetech.net/latest/characters/2115317631/?datasource=tranquility [t/e: 0.09s/100]
[2022-03-19T23:28:42.579637+00:00] eseye.INFO: [http 200, ok] get -> https://esi.evetech.net/latest/corporations/98690815/?datasource=tranquility [t/e: 0.32s/100]
[2022-03-19T23:28:42.707544+00:00] eseye.INFO: [http 200, ok] get -> https://esi.evetech.net/latest/alliances/99009163/?datasource=tranquility [t/e: 0.12s/100]
[2022-03-19T23:28:42.874784+00:00] eseye.INFO: [http 200, ok] get -> https://esi.evetech.net/latest/characters/2119305035/?datasource=tranquility [t/e: 0.14s/100]
[2022-03-19T23:28:43.031848+00:00] eseye.INFO: [http 200, ok] get -> https://esi.evetech.net/latest/characters/95785449/?datasource=tranquility [t/e: 0.10s/100]
[2022-03-19T23:28:43.167877+00:00] eseye.INFO: [http 200, ok] get -> https://esi.evetech.net/latest/characters/96642293/?datasource=tranquility [t/e: 0.13s/100]
[2022-03-19T23:28:43.750958+00:00] eseye.INFO: [http 200, ok] get -> https://esi.evetech.net/latest/characters/96642747/?datasource=tranquility [t/e: 0.57s/100]
[2022-03-19T23:28:43.847214+00:00] eseye.INFO: [http 200, ok] get -> https://esi.evetech.net/latest/characters/96955573/?datasource=tranquility [t/e: 0.08s/100]
[2022-03-19T23:28:43.937680+00:00] eseye.INFO: [http 200, ok] get -> https://esi.evetech.net/latest/characters/95774779/?datasource=tranquility [t/e: 0.08s/100]
[2022-03-19T23:28:44.458788+00:00] eseye.INFO: [http 200, ok] get -> https://esi.evetech.net/latest/characters/96274895/?datasource=tranquility [t/e: 0.09s/100]
[2022-03-19T23:28:44.839010+00:00] eseye.INFO: [http 200, ok] get -> https://esi.evetech.net/latest/characters/91798013/?datasource=tranquility [t/e: 0.22s/100]
[2022-03-19T23:28:44.930410+00:00] eseye.INFO: [http 200, ok] get -> https://esi.evetech.net/latest/characters/96387860/?datasource=tranquility [t/e: 0.08s/100]
[2022-03-19T23:28:45.058230+00:00] eseye.INFO: [http 200, ok] get -> https://esi.evetech.net/latest/characters/2118715264/?datasource=tranquility [t/e: 0.12s/100]
[2022-03-19T23:28:45.164185+00:00] eseye.INFO: [http 200, ok] get -> https://esi.evetech.net/latest/characters/91110099/?datasource=tranquility [t/e: 0.09s/100]
[2022-03-19T23:28:45.672111+00:00] eseye.INFO: [http 200, ok] get -> https://esi.evetech.net/latest/characters/91776309/?datasource=tranquility [t/e: 0.18s/100]
[2022-03-19T23:28:46.152921+00:00] eseye.INFO: [http 200, ok] get -> https://esi.evetech.net/latest/characters/1489099978/?datasource=tranquility [t/e: 0.43s/100]
[2022-03-19T23:28:46.515782+00:00] eseye.INFO: [http 200, ok] get -> https://esi.evetech.net/latest/characters/1716335491/?datasource=tranquility [t/e: 0.10s/100]
[2022-03-19T23:28:46.757520+00:00] eseye.INFO: [http 200, ok] get -> https://esi.evetech.net/latest/characters/2117480008/?datasource=tranquility [t/e: 0.20s/100]
[2022-03-19T23:28:46.868555+00:00] eseye.INFO: [http 200, ok] get -> https://esi.evetech.net/latest/characters/95304961/?datasource=tranquility [t/e: 0.10s/100]
[2022-03-19T23:28:46.959239+00:00] eseye.INFO: [http 200, ok] get -> https://esi.evetech.net/latest/characters/95370775/?datasource=tranquility [t/e: 0.08s/100]
[2022-03-19T23:28:47.145781+00:00] eseye.INFO: [http 200, ok] get -> https://esi.evetech.net/latest/characters/94850602/?datasource=tranquility [t/e: 0.17s/100]
[2022-03-19T23:28:47.539062+00:00] eseye.INFO: [http 200, ok] get -> https://esi.evetech.net/latest/characters/96358522/?datasource=tranquility [t/e: 0.36s/100]
[2022-03-19T23:28:47.762005+00:00] eseye.INFO: [http 200, ok] get -> https://esi.evetech.net/latest/characters/90648358/?datasource=tranquility [t/e: 0.20s/100]
[2022-03-19T23:28:48.229432+00:00] eseye.INFO: [http 200, ok] get -> https://esi.evetech.net/latest/characters/2119522559/?datasource=tranquility [t/e: 0.09s/100]
[2022-03-19T23:28:49.195189+00:00] eseye.INFO: [http 200, ok] get -> https://esi.evetech.net/latest/corporation/1184675423/mining/observers/1037210325379/?datasource=tranquility [t/e: 0.80s/100]
[2022-03-19T23:28:49.472160+00:00] eseye.INFO: [http 200, ok] get -> https://esi.evetech.net/latest/characters/92099988/?datasource=tranquility [t/e: 0.27s/100]
[2022-03-19T23:28:49.655131+00:00] eseye.INFO: [http 200, ok] get -> https://esi.evetech.net/latest/characters/96826862/?datasource=tranquility [t/e: 0.08s/100]
[2022-03-19T23:28:49.813235+00:00] eseye.INFO: [http 200, ok] get -> https://esi.evetech.net/latest/characters/564586053/?datasource=tranquility [t/e: 0.15s/100]
[2022-03-19T23:28:50.506031+00:00] eseye.INFO: [http 200, ok] get -> https://esi.evetech.net/latest/characters/1621586388/?datasource=tranquility [t/e: 0.16s/100]
[2022-03-19T23:28:51.116182+00:00] eseye.INFO: [http 200, ok] get -> https://esi.evetech.net/latest/characters/92444470/?datasource=tranquility [t/e: 0.41s/100]
[2022-03-19T23:28:51.378262+00:00] eseye.INFO: [http 200, ok] get -> https://esi.evetech.net/latest/characters/94416369/?datasource=tranquility [t/e: 0.13s/100]
[2022-03-19T23:28:51.827341+00:00] eseye.INFO: [http 200, ok] get -> https://esi.evetech.net/latest/characters/1385927684/?datasource=tranquility [t/e: 0.11s/100]
[2022-03-19T23:28:52.379678+00:00] eseye.INFO: [http 200, ok] get -> https://esi.evetech.net/latest/characters/881113816/?datasource=tranquility [t/e: 0.09s/100]
[2022-03-19T23:28:52.626827+00:00] eseye.INFO: [http 200, ok] get -> https://esi.evetech.net/latest/characters/2112737525/?datasource=tranquility [t/e: 0.08s/100]
[2022-03-19T23:28:52.720073+00:00] eseye.INFO: [http 200, ok] get -> https://esi.evetech.net/latest/characters/1259071166/?datasource=tranquility [t/e: 0.08s/100]
[2022-03-19T23:28:52.812259+00:00] eseye.INFO: [http 200, ok] get -> https://esi.evetech.net/latest/characters/463784297/?datasource=tranquility [t/e: 0.08s/100]
[2022-03-19T23:28:53.203942+00:00] eseye.INFO: [http 200, ok] get -> https://esi.evetech.net/latest/characters/92940786/?datasource=tranquility [t/e: 0.09s/100]
[2022-03-19T23:28:54.877370+00:00] eseye.INFO: [http 200, ok] get -> https://esi.evetech.net/latest/characters/2119745918/?datasource=tranquility [t/e: 0.41s/100]
[2022-03-19T23:28:55.273806+00:00] eseye.INFO: [http 200, ok] get -> https://esi.evetech.net/latest/characters/2119745924/?datasource=tranquility [t/e: 0.38s/100]
[2022-03-19T23:28:55.608805+00:00] eseye.INFO: [http 200, ok] get -> https://esi.evetech.net/latest/characters/2119084578/?datasource=tranquility [t/e: 0.21s/100]
[2022-03-19T23:28:56.027512+00:00] eseye.INFO: [http 200, ok] get -> https://esi.evetech.net/latest/corporation/1184675423/mining/observers/1037210370313/?datasource=tranquility [t/e: 0.32s/100]
[2022-03-19T23:28:57.206834+00:00] eseye.INFO: [http 200, ok] get -> https://esi.evetech.net/latest/characters/96896997/?datasource=tranquility [t/e: 1.08s/100]
[2022-03-19T23:28:57.400645+00:00] eseye.INFO: [http 200, ok] get -> https://esi.evetech.net/latest/characters/2116880428/?datasource=tranquility [t/e: 0.16s/100]
[2022-03-19T23:28:59.270078+00:00] eseye.INFO: [http 200, ok] get -> https://esi.evetech.net/latest/characters/2119559087/?datasource=tranquility [t/e: 0.38s/100]
[2022-03-19T23:28:59.418002+00:00] eseye.INFO: [http 200, ok] get -> https://esi.evetech.net/latest/characters/2119541343/?datasource=tranquility [t/e: 0.14s/100]
[2022-03-19T23:28:59.842586+00:00] eseye.INFO: [http 200, ok] get -> https://esi.evetech.net/latest/characters/2119535499/?datasource=tranquility [t/e: 0.41s/100]
[2022-03-19T23:29:01.423894+00:00] eseye.INFO: [http 200, ok] get -> https://esi.evetech.net/latest/corporation/1184675423/mining/observers/1037210429924/?datasource=tranquility [t/e: 0.61s/100]
[2022-03-19T23:29:02.363707+00:00] eseye.INFO: [http 200, ok] get -> https://esi.evetech.net/latest/characters/2117041352/?datasource=tranquility [t/e: 0.08s/100]
[2022-03-19T23:29:04.325848+00:00] eseye.INFO: [http 200, ok] get -> https://esi.evetech.net/latest/corporation/1184675423/mining/observers/1037210493912/?datasource=tranquility [t/e: 0.21s/100]
[2022-03-19T23:29:04.436252+00:00] eseye.INFO: [http 200, ok] get -> https://esi.evetech.net/latest/characters/93522123/?datasource=tranquility [t/e: 0.10s/100]
[2022-03-19T23:29:04.538944+00:00] eseye.INFO: [http 200, ok] get -> https://esi.evetech.net/latest/characters/94743078/?datasource=tranquility [t/e: 0.09s/100]
[2022-03-19T23:29:05.078087+00:00] eseye.INFO: [http 200, ok] get -> https://esi.evetech.net/latest/corporation/1184675423/mining/observers/1037323248407/?datasource=tranquility [t/e: 0.21s/100]
[2022-03-19T23:29:05.430910+00:00] eseye.INFO: [http 200, ok] get -> https://esi.evetech.net/latest/characters/2113972909/?datasource=tranquility [t/e: 0.09s/100]
[2022-03-19T23:29:05.538947+00:00] eseye.INFO: [http 200, ok] get -> https://esi.evetech.net/latest/characters/2117824643/?datasource=tranquility [t/e: 0.08s/100]
[2022-03-19T23:29:06.284802+00:00] eseye.INFO: [http 200, ok] get -> https://esi.evetech.net/latest/characters/2119787809/?datasource=tranquility [t/e: 0.11s/100]
[2022-03-19T23:29:06.386664+00:00] eseye.INFO: [http 200, ok] get -> https://esi.evetech.net/latest/characters/2119787840/?datasource=tranquility [t/e: 0.09s/100]
[2022-03-19T23:29:06.781079+00:00] eseye.INFO: [http 200, ok] get -> https://esi.evetech.net/latest/characters/2119792315/?datasource=tranquility [t/e: 0.12s/100]
[2022-03-19T23:29:06.874794+00:00] eseye.INFO: [http 200, ok] get -> https://esi.evetech.net/latest/characters/2119792165/?datasource=tranquility [t/e: 0.08s/100]
[2022-03-19T23:29:07.129064+00:00] eseye.INFO: [http 200, ok] get -> https://esi.evetech.net/latest/characters/1657918899/?datasource=tranquility [t/e: 0.08s/100]
[2022-03-19T23:29:07.567823+00:00] eseye.INFO: [http 200, ok] get -> https://esi.evetech.net/latest/corporation/1184675423/mining/observers/1037324784495/?datasource=tranquility [t/e: 0.24s/100]
[2022-03-19T23:29:09.077377+00:00] eseye.INFO: [http 200, ok] get -> https://esi.evetech.net/latest/corporation/1184675423/mining/observers/1037324824019/?datasource=tranquility [t/e: 0.26s/100]
[2022-03-19T23:29:11.027352+00:00] eseye.INFO: [http 200, ok] get -> https://esi.evetech.net/latest/corporation/1184675423/mining/observers/1037326027655/?datasource=tranquility [t/e: 0.26s/100]
[2022-03-19T23:29:11.517775+00:00] eseye.INFO: [http 200, ok] get -> https://esi.evetech.net/latest/characters/2119071617/?datasource=tranquility [t/e: 0.08s/100]
[2022-03-19T23:29:13.619254+00:00] eseye.INFO: [http 200, ok] get -> https://esi.evetech.net/latest/corporation/1184675423/mining/observers/1037326065970/?datasource=tranquility [t/e: 0.30s/100]
[2022-03-19T23:29:13.780292+00:00] eseye.INFO: [http 200, ok] get -> https://esi.evetech.net/latest/characters/2117501685/?datasource=tranquility [t/e: 0.09s/100]
[2022-03-19T23:29:15.787880+00:00] eseye.INFO: [http 200, ok] get -> https://esi.evetech.net/latest/corporation/1184675423/mining/observers/1037326151323/?datasource=tranquility [t/e: 0.27s/100]
[2022-03-19T23:29:17.354352+00:00] eseye.INFO: [http 200, ok] get -> https://esi.evetech.net/latest/characters/2114667819/?datasource=tranquility [t/e: 0.10s/100]
[2022-03-19T23:29:18.447792+00:00] eseye.INFO: [http 200, ok] get -> https://esi.evetech.net/latest/corporation/1184675423/mining/observers/1037326174891/?datasource=tranquility [t/e: 0.23s/100]
[2022-03-19T23:29:20.540617+00:00] eseye.INFO: [http 200, ok] get -> https://esi.evetech.net/latest/corporation/1184675423/mining/observers/1037326204873/?datasource=tranquility [t/e: 0.27s/100]
[2022-03-19T23:29:22.441117+00:00] eseye.INFO: [http 200, ok] get -> https://esi.evetech.net/latest/corporation/1184675423/mining/observers/1037326339510/?datasource=tranquility [t/e: 0.25s/100]
[2022-03-19T23:29:23.513811+00:00] eseye.INFO: [http 200, ok] get -> https://esi.evetech.net/latest/characters/2119314745/?datasource=tranquility [t/e: 0.13s/100]
[2022-03-19T23:29:24.536174+00:00] eseye.INFO: [http 200, ok] get -> https://esi.evetech.net/latest/characters/96784366/?datasource=tranquility [t/e: 0.09s/100]
[2022-03-19T23:29:24.957073+00:00] eseye.INFO: [http 200, ok] get -> https://esi.evetech.net/latest/corporation/1184675423/mining/observers/1037340375766/?datasource=tranquility [t/e: 0.25s/100]
[2022-03-19T23:29:26.260786+00:00] eseye.INFO: [http 200, ok] get -> https://esi.evetech.net/latest/corporation/1184675423/mining/observers/1037432489146/?datasource=tranquility [t/e: 0.30s/100]
[2022-03-19T23:29:28.154290+00:00] eseye.INFO: [http 200, ok] get -> https://esi.evetech.net/latest/corporation/1184675423/mining/observers/1037433032190/?datasource=tranquility [t/e: 0.19s/100]
[2022-03-19T23:29:28.733235+00:00] eseye.INFO: [http 200, ok] get -> https://esi.evetech.net/latest/corporation/1184675423/mining/observers/1037598124372/?datasource=tranquility [t/e: 0.28s/100]
[2022-03-19T23:29:31.498273+00:00] eseye.INFO: [http 200, ok] get -> https://esi.evetech.net/latest/corporation/1184675423/mining/observers/1037598189802/?datasource=tranquility [t/e: 0.35s/100]
[2022-03-19T23:29:34.197850+00:00] eseye.INFO: [http 200, ok] get -> https://esi.evetech.net/latest/corporation/1184675423/mining/observers/1037598269916/?datasource=tranquility [t/e: 0.25s/100]
[2022-03-19T23:29:34.530249+00:00] eseye.INFO: [http 200, ok] get -> https://esi.evetech.net/latest/characters/134817528/?datasource=tranquility [t/e: 0.18s/100]
[2022-03-19T23:29:34.635475+00:00] eseye.INFO: [http 200, ok] get -> https://esi.evetech.net/latest/characters/1598848625/?datasource=tranquility [t/e: 0.09s/100]
[2022-03-19T23:29:35.717568+00:00] eseye.INFO: [http 200, ok] get -> https://esi.evetech.net/latest/characters/1733141366/?datasource=tranquility [t/e: 0.11s/100]
[2022-03-19T23:29:35.910531+00:00] eseye.INFO: [http 200, ok] get -> https://esi.evetech.net/latest/characters/635265181/?datasource=tranquility [t/e: 0.18s/100]
[2022-03-19T23:29:36.000429+00:00] eseye.INFO: [http 200, ok] get -> https://esi.evetech.net/latest/corporations/825582554/?datasource=tranquility [t/e: 0.08s/100]
