[2021-10-31T16:12:06.026006+00:00] eseye.INFO: [http 200, ok] get -> https://esi.evetech.net/latest/corporation/98011082/mining/extractions/?datasource=tranquility [t/e: 0.52s/99]
[2021-10-31T16:12:08.962918+00:00] eseye.INFO: [http 200, ok] get -> https://esi.evetech.net/latest/corporation/230445889/mining/extractions/?datasource=tranquility [t/e: 0.24s/99]
[2021-10-31T16:12:12.274022+00:00] eseye.INFO: [http 200, ok] get -> https://esi.evetech.net/latest/corporation/98127387/mining/extractions/?datasource=tranquility [t/e: 0.19s/98]
[2021-10-31T16:12:28.111485+00:00] eseye.INFO: [http 304, not modified] get -> https://esi.evetech.net/latest/corporation/98011082/mining/observers/?datasource=tranquility [t/e: 0.47s/96]
[2021-10-31T16:12:29.020821+00:00] eseye.INFO: [http 304, not modified] get -> https://esi.evetech.net/latest/corporation/98011082/mining/observers/1036986129645/?datasource=tranquility [t/e: 0.18s/96]
[2021-10-31T16:12:30.312206+00:00] eseye.INFO: [http 304, not modified] get -> https://esi.evetech.net/latest/corporation/98011082/mining/observers/1036986136973/?datasource=tranquility [t/e: 0.18s/96]
[2021-10-31T16:12:30.743085+00:00] eseye.INFO: [http 304, not modified] get -> https://esi.evetech.net/latest/corporation/98011082/mining/observers/1037074419843/?datasource=tranquility [t/e: 0.20s/96]
[2021-10-31T16:12:31.265478+00:00] eseye.INFO: [http 304, not modified] get -> https://esi.evetech.net/latest/corporation/98011082/mining/observers/1037218950932/?datasource=tranquility [t/e: 0.17s/96]
[2021-10-31T16:12:31.746822+00:00] eseye.INFO: [http 200, ok] get -> https://esi.evetech.net/latest/corporation/98127387/mining/observers/?datasource=tranquility [t/e: 0.18s/96]
[2021-10-31T16:12:32.096123+00:00] eseye.INFO: [http 304, not modified] get -> https://esi.evetech.net/latest/corporation/98127387/mining/observers/1036985994010/?datasource=tranquility [t/e: 0.15s/96]
[2021-10-31T16:12:33.206111+00:00] eseye.INFO: [http 304, not modified] get -> https://esi.evetech.net/latest/corporation/98127387/mining/observers/1036999925547/?datasource=tranquility [t/e: 0.08s/96]
[2021-10-31T16:12:33.650533+00:00] eseye.INFO: [http 304, not modified] get -> https://esi.evetech.net/latest/corporation/98127387/mining/observers/1037008588112/?datasource=tranquility [t/e: 0.09s/96]
[2021-10-31T16:12:34.255020+00:00] eseye.INFO: [http 200, ok] get -> https://esi.evetech.net/latest/corporation/98127387/mining/observers/1037221196751/?datasource=tranquility [t/e: 0.08s/96]
[2021-10-31T16:12:34.437486+00:00] eseye.INFO: [http 304, not modified] get -> https://esi.evetech.net/latest/characters/93097815/?datasource=tranquility [t/e: 0.07s/96]
[2021-10-31T16:12:34.843516+00:00] eseye.INFO: [http 200, ok] get -> https://esi.evetech.net/latest/corporations/98127387/?datasource=tranquility [t/e: 0.39s/96]
[2021-10-31T16:12:35.113733+00:00] eseye.INFO: [http 304, not modified] get -> https://esi.evetech.net/latest/alliances/1354830081/?datasource=tranquility [t/e: 0.25s/96]
[2021-10-31T16:12:35.313817+00:00] eseye.INFO: [http 200, ok] get -> https://esi.evetech.net/latest/characters/1534059054/?datasource=tranquility [t/e: 0.09s/96]
[2021-10-31T16:12:35.462875+00:00] eseye.INFO: [http 200, ok] get -> https://esi.evetech.net/latest/characters/93672060/?datasource=tranquility [t/e: 0.07s/96]
[2021-10-31T16:12:35.573977+00:00] eseye.INFO: [http 200, ok] get -> https://esi.evetech.net/latest/characters/93469727/?datasource=tranquility [t/e: 0.08s/96]
[2021-10-31T16:12:35.744200+00:00] eseye.INFO: [http 200, ok] get -> https://esi.evetech.net/latest/characters/90202359/?datasource=tranquility [t/e: 0.09s/96]
[2021-10-31T16:12:35.880260+00:00] eseye.INFO: [http 200, ok] get -> https://esi.evetech.net/latest/characters/1173877118/?datasource=tranquility [t/e: 0.09s/96]
[2021-10-31T16:12:36.071483+00:00] eseye.INFO: [http 304, not modified] get -> https://esi.evetech.net/latest/characters/2114724633/?datasource=tranquility [t/e: 0.12s/96]
[2021-10-31T16:12:36.218193+00:00] eseye.INFO: [http 304, not modified] get -> https://esi.evetech.net/latest/characters/2114822478/?datasource=tranquility [t/e: 0.09s/96]
[2021-10-31T16:12:36.371499+00:00] eseye.INFO: [http 304, not modified] get -> https://esi.evetech.net/latest/characters/2114837075/?datasource=tranquility [t/e: 0.08s/96]
[2021-10-31T16:12:36.527724+00:00] eseye.INFO: [http 304, not modified] get -> https://esi.evetech.net/latest/characters/2114888404/?datasource=tranquility [t/e: 0.10s/96]
[2021-10-31T16:12:36.640581+00:00] eseye.INFO: [http 304, not modified] get -> https://esi.evetech.net/latest/characters/2115276265/?datasource=tranquility [t/e: 0.07s/96]
[2021-10-31T16:12:37.371429+00:00] eseye.INFO: [http 304, not modified] get -> https://esi.evetech.net/latest/characters/90759432/?datasource=tranquility [t/e: 0.12s/96]
[2021-10-31T16:12:37.463849+00:00] eseye.INFO: [http 200, ok] get -> https://esi.evetech.net/latest/corporations/667531913/?datasource=tranquility [t/e: 0.08s/96]
[2021-10-31T16:12:37.588869+00:00] eseye.INFO: [http 304, not modified] get -> https://esi.evetech.net/latest/characters/924331372/?datasource=tranquility [t/e: 0.10s/96]
[2021-10-31T16:12:38.016503+00:00] eseye.INFO: [http 304, not modified] get -> https://esi.evetech.net/latest/characters/1979814718/?datasource=tranquility [t/e: 0.40s/96]
[2021-10-31T16:12:38.139982+00:00] eseye.INFO: [http 304, not modified] get -> https://esi.evetech.net/latest/characters/1509406738/?datasource=tranquility [t/e: 0.10s/96]
[2021-10-31T16:12:38.837589+00:00] eseye.INFO: [http 304, not modified] get -> https://esi.evetech.net/latest/corporation/98127387/mining/observers/1037221232837/?datasource=tranquility [t/e: 0.15s/96]
[2021-10-31T16:12:39.381291+00:00] eseye.INFO: [http 200, ok] get -> https://esi.evetech.net/latest/corporation/230445889/mining/observers/?datasource=tranquility [t/e: 0.17s/96]
[2021-10-31T16:12:39.690580+00:00] eseye.INFO: [http 304, not modified] get -> https://esi.evetech.net/latest/corporation/230445889/mining/observers/1037315100486/?datasource=tranquility [t/e: 0.17s/96]
[2021-10-31T16:12:40.063541+00:00] eseye.INFO: [http 304, not modified] get -> https://esi.evetech.net/latest/corporation/230445889/mining/observers/1037315122585/?datasource=tranquility [t/e: 0.16s/96]
[2021-10-31T16:12:40.434562+00:00] eseye.INFO: [http 200, ok] get -> https://esi.evetech.net/latest/corporation/230445889/mining/observers/1037315326306/?datasource=tranquility [t/e: 0.17s/96]
[2021-10-31T16:12:40.526217+00:00] eseye.INFO: [http 200, ok] get -> https://esi.evetech.net/latest/characters/261855507/?datasource=tranquility [t/e: 0.08s/96]
[2021-10-31T16:12:40.885155+00:00] eseye.INFO: [http 304, not modified] get -> https://esi.evetech.net/latest/corporations/230445889/?datasource=tranquility [t/e: 0.33s/96]
[2021-10-31T16:12:40.998858+00:00] eseye.INFO: [http 200, ok] get -> https://esi.evetech.net/latest/characters/724581390/?datasource=tranquility [t/e: 0.10s/96]
[2021-10-31T16:12:41.110982+00:00] eseye.INFO: [http 200, ok] get -> https://esi.evetech.net/latest/characters/1328861584/?datasource=tranquility [t/e: 0.07s/96]
[2021-10-31T16:12:41.277681+00:00] eseye.INFO: [http 200, ok] get -> https://esi.evetech.net/latest/characters/1929482879/?datasource=tranquility [t/e: 0.12s/96]
[2021-10-31T16:12:41.425156+00:00] eseye.INFO: [http 304, not modified] get -> https://esi.evetech.net/latest/characters/1336686601/?datasource=tranquility [t/e: 0.09s/96]
[2021-10-31T16:12:41.552854+00:00] eseye.INFO: [http 304, not modified] get -> https://esi.evetech.net/latest/characters/94254136/?datasource=tranquility [t/e: 0.07s/96]
[2021-10-31T16:12:41.643282+00:00] eseye.INFO: [http 200, ok] get -> https://esi.evetech.net/latest/characters/94867537/?datasource=tranquility [t/e: 0.08s/96]
[2021-10-31T16:12:41.784320+00:00] eseye.INFO: [http 304, not modified] get -> https://esi.evetech.net/latest/characters/90661648/?datasource=tranquility [t/e: 0.10s/96]
[2021-10-31T16:12:41.894280+00:00] eseye.INFO: [http 304, not modified] get -> https://esi.evetech.net/latest/characters/2113217906/?datasource=tranquility [t/e: 0.07s/96]
